Watching for file changes with StatReloader
Waiting for apps ready_event.
Apps ready_event triggered. Sending autoreload_started signal.
Watching dir C:\Python311\Lib\site-packages\ckeditor\templates with glob **/*.
Watching dir C:\Users\todo_\OneDrive\Documentos\GitHub\decortinas\productos\templates with glob **/*.
Watching dir C:\Users\todo_\OneDrive\Documentos\GitHub\decortinas\locale with glob **/*.mo.
Watching dir C:\Users\todo_\OneDrive\Documentos\GitHub\decortinas\productos\locale with glob **/*.mo.
Watching dir C:\Python311\Lib\site-packages\ckeditor\locale with glob **/*.mo.
File C:\Python311\Lib\site-packages\botocore\compat.py first seen with mtime 1683142633.9284425
File C:\Python311\Lib\asyncio\base_events.py first seen with mtime 1670375370.0
File C:\Python311\Lib\site-packages\django\db\backends\base\creation.py first seen with mtime 1674615473.9673042
File C:\Python311\DLLs\_asyncio.pyd first seen with mtime 1670375402.0
File C:\Python311\Lib\site-packages\django\db\backends\base\operations.py first seen with mtime 1674615473.9829264
File C:\Python311\Lib\site-packages\django\middleware\csrf.py first seen with mtime 1674615474.1399715
File C:\Python311\Lib\site-packages\django\db\models\fields\json.py first seen with mtime 1674615474.045813
File C:\Python311\Lib\bdb.py first seen with mtime 1670375370.0
File C:\Python311\Lib\site-packages\django\db\models\fields\reverse_related.py first seen with mtime 1674615474.045813
File C:\Python311\Lib\ctypes\_endian.py first seen with mtime 1670375370.0
File C:\Python311\Lib\site-packages\cryptography\hazmat\primitives\asymmetric\x448.py first seen with mtime 1674533040.9185817
File C:\Python311\Lib\site-packages\botocore\docs\service.py first seen with mtime 1683142635.224487
File C:\Python311\Lib\site-packages\django\utils\html.py first seen with mtime 1674615474.2034636
File C:\Python311\Lib\site-packages\django\core\management\color.py first seen with mtime 1674615473.937819
File C:\Python311\DLLs\pyexpat.pyd first seen with mtime 1670375404.0
File C:\Python311\Lib\inspect.py first seen with mtime 1670375370.0
File C:\Python311\Lib\signal.py first seen with mtime 1670375370.0
File C:\Python311\Lib\email\iterators.py first seen with mtime 1670375370.0
File C:\Python311\Lib\site-packages\django\core\management\commands\__init__.py first seen with mtime 1674615473.937819
File C:\Python311\Lib\site-packages\django\templatetags\__init__.py first seen with mtime 1674615474.1712153
File C:\Python311\Lib\site-packages\django\db\migrations\operations\__init__.py first seen with mtime 1674615474.0145652
File C:\Python311\Lib\site-packages\bcrypt\__init__.py first seen with mtime 1682357774.8039396
File C:\Python311\Lib\platform.py first seen with mtime 1670375370.0
File C:\Python311\Lib\gettext.py first seen with mtime 1670375370.0
File C:\Python311\Lib\importlib\_abc.py first seen with mtime 1670375370.0
File C:\Python311\Lib\site-packages\botocore\crt\__init__.py first seen with mtime 1683142633.944067
File C:\Python311\Lib\site-packages\django\contrib\sites\__init__.py first seen with mtime 1674615473.71828
File C:\Python311\Lib\site-packages\django\db\models\sql\query.py first seen with mtime 1674615474.045813
File C:\Python311\Lib\site-packages\django\contrib\sites\requests.py first seen with mtime 1674615473.71828
File C:\Python311\Lib\site-packages\django\db\migrations\operations\fields.py first seen with mtime 1674615474.0145652
File C:\Python311\Lib\site-packages\django\urls\exceptions.py first seen with mtime 1674615474.1868353
File C:\Python311\Lib\site-packages\django\core\serializers\json.py first seen with mtime 1674615473.9673042
File C:\Python311\Lib\site-packages\django\template\loaders\filesystem.py first seen with mtime 1674615474.1556242
File C:\Python311\Lib\site-packages\six.py first seen with mtime 1674532486.7807198
File C:\Python311\Lib\site-packages\jinja2\loaders.py first seen with mtime 1682309427.565888
File C:\Python311\Lib\wsgiref\handlers.py first seen with mtime 1670375372.0
File C:\Python311\Lib\email\encoders.py first seen with mtime 1670375370.0
File C:\Python311\Lib\site-packages\dateutil\parser\isoparser.py first seen with mtime 1675181416.457603
File C:\Python311\Lib\site-packages\jinja2\environment.py first seen with mtime 1682309427.565888
File C:\Python311\Lib\unittest\runner.py first seen with mtime 1670375372.0
File C:\Python311\Lib\site-packages\urllib3\_version.py first seen with mtime 1674532486.4526374
File C:\Python311\DLLs\_hashlib.pyd first seen with mtime 1670375402.0
File C:\Python311\Lib\site-packages\django\db\models\indexes.py first seen with mtime 1674615474.0302258
File C:\Python311\Lib\site-packages\django\core\files\__init__.py first seen with mtime 1674615473.922231
File C:\Python311\Lib\site-packages\django\db\utils.py first seen with mtime 1674615473.9673042
File C:\Python311\Lib\site-packages\django\db\models\fields\files.py first seen with mtime 1674615474.0302258
File C:\Python311\Lib\site-packages\asgiref\current_thread_executor.py first seen with mtime 1674615470.7849948
File C:\Python311\Lib\site-packages\django\db\backends\postgresql\client.py first seen with mtime 1674615474.0030556
File C:\Python311\Lib\hashlib.py first seen with mtime 1670375370.0
File C:\Python311\Lib\site-packages\django\db\backends\postgresql\schema.py first seen with mtime 1674615474.0030556
File C:\Python311\Lib\site-packages\django\db\backends\__init__.py first seen with mtime 1674615473.9673042
File C:\Python311\Lib\site-packages\django\conf\global_settings.py first seen with mtime 1674615470.9250245
File C:\Python311\Lib\site-packages\django\core\exceptions.py first seen with mtime 1674615473.9030273
File C:\Python311\Lib\site-packages\s3transfer\futures.py first seen with mtime 1683142636.0881884
File C:\Python311\Lib\importlib\__init__.py first seen with mtime 1670375370.0
File C:\Python311\Lib\site-packages\django\views\decorators\__init__.py first seen with mtime 1674615474.2184744
File C:\Python311\Lib\site-packages\botocore\eventstream.py first seen with mtime 1683142633.9284425
File C:\Python311\Lib\site-packages\django\db\backends\base\introspection.py first seen with mtime 1674615473.9829264
File C:\Python311\Lib\_markupbase.py first seen with mtime 1670375370.0
File C:\Python311\Lib\site-packages\botocore\docs\client.py first seen with mtime 1683142635.224487
File C:\Python311\Lib\site-packages\urllib3\__init__.py first seen with mtime 1674532486.4526374
File C:\Python311\Lib\site-packages\django\contrib\staticfiles\management\commands\__init__.py first seen with mtime 1674615473.8905206
File C:\Python311\Lib\site-packages\django\contrib\messages\constants.py first seen with mtime 1674615473.0324316
File C:\Python311\Lib\traceback.py first seen with mtime 1670375372.0
File C:\Python311\Lib\site-packages\urllib3\fields.py first seen with mtime 1674532486.4526374
File C:\Python311\Lib\site-packages\urllib3\util\request.py first seen with mtime 1674532486.4682584
File C:\Python311\Lib\site-packages\urllib3\util\ssltransport.py first seen with mtime 1674532486.4682584
File C:\Python311\Lib\asyncio\log.py first seen with mtime 1670375370.0
File C:\Python311\Lib\gzip.py first seen with mtime 1670375370.0
File C:\Python311\Lib\site-packages\cryptography\hazmat\_oid.py first seen with mtime 1674533040.8560956
File C:\Python311\Lib\site-packages\django\db\models\query.py first seen with mtime 1674615474.0302258
File C:\Python311\Lib\site-packages\sqlparse\filters\right_margin.py first seen with mtime 1674615470.497825
File C:\Python311\Lib\site-packages\urllib3\util\proxy.py first seen with mtime 1674532486.4682584
File C:\Python311\Lib\collections\abc.py first seen with mtime 1670375370.0
File C:\Python311\Lib\site-packages\django\contrib\admin\templatetags\admin_list.py first seen with mtime 1674615471.8037086
File C:\Python311\Lib\site-packages\jinja2\__init__.py first seen with mtime 1682309427.5503106
File C:\Python311\Lib\socket.py first seen with mtime 1670375370.0
File C:\Python311\Lib\site-packages\django\conf\urls\__init__.py first seen with mtime 1674615471.2387235
File C:\Python311\Lib\site-packages\django\contrib\staticfiles\apps.py first seen with mtime 1674615473.8905206
File C:\Python311\Lib\asyncio\__init__.py first seen with mtime 1670375370.0
File C:\Python311\Lib\site-packages\django\contrib\contenttypes\checks.py first seen with mtime 1674615472.2138338
File C:\Python311\Lib\dis.py first seen with mtime 1670375370.0
File C:\Python311\Lib\site-packages\django\forms\widgets.py first seen with mtime 1674615474.0614603
File C:\Users\todo_\OneDrive\Documentos\GitHub\decortinas\productos\urls.py first seen with mtime 1683836194.7080245
File C:\Python311\Lib\unittest\case.py first seen with mtime 1670375372.0
File C:\Python311\Lib\_compression.py first seen with mtime 1670375370.0
File C:\Users\todo_\OneDrive\Documentos\GitHub\decortinas\decortinas\urls.py first seen with mtime 1683216049.815632
File C:\Python311\Lib\site-packages\django\core\checks\compatibility\django_4_0.py first seen with mtime 1674615473.922231
File C:\Python311\Lib\site-packages\django\db\models\functions\comparison.py first seen with mtime 1674615474.045813
File C:\Python311\Lib\site-packages\django\db\models\fields\related_lookups.py first seen with mtime 1674615474.045813
File C:\Python311\Lib\site-packages\django\urls\conf.py first seen with mtime 1674615474.1712153
File C:\Python311\Lib\site-packages\django\core\handlers\wsgi.py first seen with mtime 1674615473.922231
File C:\Python311\Lib\site-packages\django\contrib\admin\templatetags\admin_urls.py first seen with mtime 1674615471.8037086
File C:\Python311\Lib\cmd.py first seen with mtime 1670375370.0
File C:\Python311\Lib\site-packages\django\contrib\admin\sites.py first seen with mtime 1674615471.254344
File C:\Python311\Lib\site-packages\django\db\backends\postgresql\base.py first seen with mtime 1674615474.0030556
File C:\Python311\Lib\wsgiref\headers.py first seen with mtime 1670375372.0
File C:\Python311\Lib\site-packages\django\contrib\auth\password_validation.py first seen with mtime 1674615472.0004022
File C:\Python311\Lib\site-packages\django\db\backends\base\__init__.py first seen with mtime 1674615473.9673042
File C:\Python311\Lib\site-packages\django\contrib\admin\widgets.py first seen with mtime 1674615471.254344
File C:\Python311\Lib\site-packages\botocore\configprovider.py first seen with mtime 1683142633.9284425
File C:\Python311\Lib\site-packages\django\utils\http.py first seen with mtime 1674615474.2034636
File C:\Python311\DLLs\_bz2.pyd first seen with mtime 1670375402.0
File C:\Python311\Lib\site-packages\urllib3\request.py first seen with mtime 1674532486.4526374
File C:\Python311\Lib\logging\config.py first seen with mtime 1670375370.0
File C:\Python311\Lib\site-packages\django\http\multipartparser.py first seen with mtime 1674615474.1399715
File C:\Python311\Lib\site-packages\django\db\models\functions\__init__.py first seen with mtime 1674615474.045813
File C:\Python311\Lib\unittest\__init__.py first seen with mtime 1670375372.0
File C:\Python311\Lib\typing.py first seen with mtime 1670375372.0
File C:\Python311\Lib\unittest\main.py first seen with mtime 1670375372.0
File C:\Python311\Lib\collections\__init__.py first seen with mtime 1670375370.0
File C:\Python311\Lib\site-packages\botocore\retries\adaptive.py first seen with mtime 1683142635.240112
File C:\Python311\Lib\site-packages\django\core\signing.py first seen with mtime 1674615473.9065704
File C:\Python311\Lib\multiprocessing\shared_memory.py first seen with mtime 1670375370.0
File C:\Python311\Lib\site-packages\django\test\utils.py first seen with mtime 1674615474.1712153
File C:\Python311\Lib\site-packages\jinja2\lexer.py first seen with mtime 1682309427.565888
File C:\Python311\Lib\email\_encoded_words.py first seen with mtime 1670375370.0
File C:\Python311\Lib\functools.py first seen with mtime 1670375370.0
File C:\Python311\Lib\site-packages\django\core\checks\compatibility\__init__.py first seen with mtime 1674615473.922231
File C:\Python311\Lib\site-packages\django\views\debug.py first seen with mtime 1674615474.2184744
File C:\Python311\Lib\site-packages\certifi\__init__.py first seen with mtime 1674533040.3697884
File C:\Python311\Lib\site-packages\django\db\models\sql\constants.py first seen with mtime 1674615474.045813
File C:\Python311\Lib\site-packages\jmespath\parser.py first seen with mtime 1683142633.8147933
File C:\Python311\Lib\site-packages\psycopg2\errorcodes.py first seen with mtime 1674935812.3193188
File C:\Python311\Lib\site-packages\botocore\auth.py first seen with mtime 1683142633.9284425
File C:\Python311\Lib\logging\__init__.py first seen with mtime 1670375370.0
File C:\Python311\Lib\secrets.py first seen with mtime 1670375370.0
File C:\Python311\Lib\site-packages\django\template\utils.py first seen with mtime 1674615474.1556242
File C:\Python311\Lib\site-packages\django\core\checks\async_checks.py first seen with mtime 1674615473.9065704
File C:\Python311\Lib\site-packages\jinja2\_identifier.py first seen with mtime 1682309427.5503106
File C:\Python311\Lib\site-packages\django\contrib\messages\storage\base.py first seen with mtime 1674615473.0324316
File C:\Python311\Lib\site-packages\dateutil\_version.py first seen with mtime 1675181416.4526012
File C:\Python311\Lib\importlib\resources\_adapters.py first seen with mtime 1670375370.0
File C:\Python311\Lib\http\__init__.py first seen with mtime 1670375370.0
File C:\Python311\Lib\site-packages\django\contrib\auth\admin.py first seen with mtime 1674615471.9938679
File C:\Python311\Lib\encodings\__init__.py first seen with mtime 1670375370.0
File C:\Python311\Lib\site-packages\django\utils\translation\__init__.py first seen with mtime 1674615474.2184744
File C:\Python311\Lib\site-packages\cryptography\hazmat\primitives\asymmetric\utils.py first seen with mtime 1674533040.9185817
File C:\Python311\Lib\asyncio\subprocess.py first seen with mtime 1670375370.0
File C:\Python311\Lib\site-packages\django\core\validators.py first seen with mtime 1674615473.9065704
File C:\Python311\Lib\site-packages\django\contrib\sessions\base_session.py first seen with mtime 1674615473.514369
File C:\Python311\Lib\site-packages\django\views\generic\detail.py first seen with mtime 1674615474.2341044
File C:\Python311\Lib\site-packages\psycopg2\__init__.py first seen with mtime 1674935812.2880695
File C:\Python311\Lib\site-packages\botocore\vendored\requests\packages\__init__.py first seen with mtime 1683142635.240112
File C:\Python311\Lib\site-packages\cryptography\utils.py first seen with mtime 1674533040.8560956
File C:\Python311\Lib\site-packages\django\utils\_os.py first seen with mtime 1674615474.1868353
File C:\Python311\Lib\urllib\__init__.py first seen with mtime 1670375372.0
File C:\Python311\Lib\site-packages\botocore\docs\params.py first seen with mtime 1683142635.224487
File C:\Python311\Lib\site-packages\django\db\models\utils.py first seen with mtime 1674615474.0302258
File C:\Python311\Lib\site-packages\django\utils\encoding.py first seen with mtime 1674615474.2024555
File C:\Python311\Lib\urllib\parse.py first seen with mtime 1670375372.0
File C:\Python311\Lib\site-packages\win32\lib\pywin32_bootstrap.py first seen with mtime 1674660051.5776348
File C:\Python311\Lib\site-packages\PIL\Image.py first seen with mtime 1682129550.4576504
File C:\Python311\Lib\site-packages\boto3\docs\method.py first seen with mtime 1683142636.2777057
File C:\Python311\Lib\site-packages\botocore\client.py first seen with mtime 1683142633.9284425
File C:\Python311\Lib\site-packages\cryptography\hazmat\primitives\ciphers\modes.py first seen with mtime 1674533040.9185817
File C:\Python311\Lib\site-packages\django\db\models\functions\mixins.py first seen with mtime 1674615474.045813
File C:\Python311\Lib\site-packages\django\utils\tree.py first seen with mtime 1674615474.2184744
File C:\Python311\DLLs\_zoneinfo.pyd first seen with mtime 1670375402.0
File C:\Python311\Lib\concurrent\__init__.py first seen with mtime 1670375370.0
File C:\Python311\Lib\site-packages\django\middleware\cache.py first seen with mtime 1674615474.1399715
File C:\Python311\Lib\site-packages\django\core\__init__.py first seen with mtime 1674615473.9030273
File C:\Python311\Lib\site-packages\django\utils\translation\trans_real.py first seen with mtime 1674615474.2184744
File C:\Python311\Lib\site-packages\sqlparse\filters\__init__.py first seen with mtime 1674615470.497825
File C:\Python311\Lib\site-packages\django\core\cache\backends\base.py first seen with mtime 1674615473.9065704
File C:\Python311\Lib\asyncio\windows_utils.py first seen with mtime 1670375370.0
File C:\Python311\Lib\email\_header_value_parser.py first seen with mtime 1670375370.0
File C:\Python311\Lib\site-packages\colorama\ansi.py first seen with mtime 1682309426.9897344
File C:\Python311\Lib\site-packages\django\__init__.py first seen with mtime 1674615470.9250245
File C:\Python311\Lib\site-packages\django\contrib\auth\tokens.py first seen with mtime 1674615472.0004022
File C:\Python311\Lib\site-packages\django\conf\__init__.py first seen with mtime 1674615470.9250245
File C:\Python311\Lib\site-packages\django\contrib\admin\templatetags\base.py first seen with mtime 1674615471.8037086
File C:\Python311\DLLs\_multiprocessing.pyd first seen with mtime 1670375402.0
File C:\Python311\Lib\site-packages\boto3\docs\attr.py first seen with mtime 1683142636.2777057
File C:\Python311\Lib\site-packages\cryptography\hazmat\primitives\asymmetric\padding.py first seen with mtime 1674533040.9185817
File C:\Python311\Lib\site-packages\django\contrib\admin\templatetags\admin_modify.py first seen with mtime 1674615471.8037086
File C:\Python311\Lib\threading.py first seen with mtime 1670375372.0
File C:\Python311\Lib\site-packages\django\test\signals.py first seen with mtime 1674615474.1712153
File C:\Python311\Lib\email\__init__.py first seen with mtime 1670375370.0
File C:\Python311\Lib\numbers.py first seen with mtime 1670375370.0
File C:\Python311\Lib\getpass.py first seen with mtime 1670375370.0
File C:\Python311\Lib\site-packages\dateutil\_common.py first seen with mtime 1675181416.4516015
File C:\Python311\Lib\site-packages\django\db\migrations\operations\models.py first seen with mtime 1674615474.0145652
File C:\Python311\Lib\site-packages\psycopg2\extensions.py first seen with mtime 1674935812.3193188
File C:\Python311\Lib\site-packages\urllib3\util\ssl_match_hostname.py first seen with mtime 1674532486.4682584
File C:\Python311\Lib\site-packages\ckeditor\widgets.py first seen with mtime 1682266773.6356285
File C:\Python311\Lib\site-packages\django\db\models\constants.py first seen with mtime 1674615474.0302258
File C:\Python311\Lib\site-packages\cryptography\hazmat\primitives\_asymmetric.py first seen with mtime 1674533040.9029596
File C:\Python311\Lib\site-packages\django\core\checks\__init__.py first seen with mtime 1674615473.9065704
File C:\Python311\Lib\site-packages\django\db\backends\postgresql\features.py first seen with mtime 1674615474.0030556
File C:\Python311\Lib\site-packages\django\dispatch\__init__.py first seen with mtime 1674615474.0614603
File C:\Python311\Lib\site-packages\boto3\resources\__init__.py first seen with mtime 1683142636.2933395
File C:\Python311\Lib\site-packages\boto3\utils.py first seen with mtime 1683142636.2616923
File C:\Python311\Lib\email\header.py first seen with mtime 1670375370.0
File C:\Python311\Lib\site-packages\boto3\session.py first seen with mtime 1683142636.2616923
File C:\Python311\Lib\site-packages\django\utils\version.py first seen with mtime 1674615474.2184744
File C:\Python311\Lib\site-packages\sqlparse\cli.py first seen with mtime 1674615470.486814
File C:\Python311\Lib\warnings.py first seen with mtime 1670375372.0
File C:\Python311\Lib\site-packages\colorama\ansitowin32.py first seen with mtime 1682309426.9897344
File C:\Python311\Lib\site-packages\django\utils\text.py first seen with mtime 1674615474.2034636
File C:\Python311\Lib\asyncio\futures.py first seen with mtime 1670375370.0
File C:\Python311\Lib\site-packages\django\forms\boundfield.py first seen with mtime 1674615474.0614603
File C:\Python311\Lib\site-packages\sqlparse\__init__.py first seen with mtime 1674615470.4711912
File C:\Python311\Lib\site-packages\botocore\credentials.py first seen with mtime 1683142633.9284425
File C:\Python311\Lib\tokenize.py first seen with mtime 1670375372.0
File C:\Python311\Lib\encodings\cp1252.py first seen with mtime 1670375370.0
File C:\Python311\Lib\site-packages\psycopg2\extras.py first seen with mtime 1674935812.3193188
File C:\Python311\Lib\site-packages\django\db\models\signals.py first seen with mtime 1674615474.0302258
File C:\Python311\Lib\site-packages\s3transfer\tasks.py first seen with mtime 1683142636.0881884
File C:\Python311\Lib\site-packages\django\contrib\staticfiles\handlers.py first seen with mtime 1674615473.8905206
File C:\Python311\Lib\site-packages\sqlparse\engine\filter_stack.py first seen with mtime 1674615470.486814
File C:\Python311\Lib\ast.py first seen with mtime 1670375370.0
File C:\Python311\Lib\site-packages\jmespath\functions.py first seen with mtime 1683142633.8147933
File C:\Python311\Lib\site-packages\storages\__init__.py first seen with mtime 1682518981.082018
File C:\Python311\Lib\site-packages\django\core\checks\translation.py first seen with mtime 1674615473.9065704
File C:\Python311\Lib\site-packages\django\views\i18n.py first seen with mtime 1674615474.2184744
File C:\Python311\Lib\site-packages\storages\backends\s3boto3.py first seen with mtime 1682518981.090193
File C:\Python311\Lib\asyncio\coroutines.py first seen with mtime 1670375370.0
File C:\Python311\Lib\copyreg.py first seen with mtime 1670375370.0
File C:\Python311\Lib\json\encoder.py first seen with mtime 1670375370.0
File C:\Python311\Lib\unittest\loader.py first seen with mtime 1670375372.0
File C:\Python311\Lib\opcode.py first seen with mtime 1670375370.0
File C:\Python311\Lib\site-packages\django\apps\config.py first seen with mtime 1674615470.9250245
File C:\Python311\Lib\site-packages\boto3\docs\collection.py first seen with mtime 1683142636.2777057
File C:\Python311\Lib\site-packages\botocore\httpsession.py first seen with mtime 1683142633.9284425
File C:\Python311\Lib\email\headerregistry.py first seen with mtime 1670375370.0
File C:\Python311\Lib\site-packages\django\contrib\admin\decorators.py first seen with mtime 1674615471.254344
File C:\Python311\Lib\site-packages\django\utils\topological_sort.py first seen with mtime 1674615474.2184744
File C:\Python311\Lib\re\_constants.py first seen with mtime 1670375370.0
File C:\Python311\Lib\site-packages\sqlparse\engine\grouping.py first seen with mtime 1674615470.486814
File C:\Python311\Lib\site-packages\django\contrib\admin\views\autocomplete.py first seen with mtime 1674615471.8037086
File C:\Python311\Lib\site-packages\django\apps\__init__.py first seen with mtime 1674615470.9250245
File C:\Python311\Lib\site-packages\botocore\endpoint_provider.py first seen with mtime 1683142633.9284425
File C:\Python311\Lib\site-packages\boto3\docs\subresource.py first seen with mtime 1683142636.2777057
File C:\Python311\Lib\site-packages\sqlparse\lexer.py first seen with mtime 1674615470.486814
File C:\Python311\Lib\types.py first seen with mtime 1670375372.0
File C:\Python311\Lib\site-packages\urllib3\packages\__init__.py first seen with mtime 1674532486.4526374
File C:\Python311\Lib\site-packages\botocore\hooks.py first seen with mtime 1683142633.9284425
File C:\Python311\Lib\__future__.py first seen with mtime 1670375370.0
File C:\Python311\DLLs\_ssl.pyd first seen with mtime 1670375414.0
File C:\Python311\Lib\site-packages\django\core\checks\files.py first seen with mtime 1674615473.9065704
File C:\Python311\Lib\site-packages\botocore\serialize.py first seen with mtime 1683142633.944067
File C:\Python311\Lib\site-packages\django\template\backends\__init__.py first seen with mtime 1674615474.1556242
File C:\Python311\Lib\site-packages\django\views\defaults.py first seen with mtime 1674615474.2184744
File C:\Python311\Lib\site-packages\botocore\validate.py first seen with mtime 1683142633.944067
File C:\Python311\Lib\json\scanner.py first seen with mtime 1670375370.0
File C:\Python311\Lib\subprocess.py first seen with mtime 1670375370.0
File C:\Python311\Lib\urllib\response.py first seen with mtime 1670375372.0
File C:\Python311\Lib\site-packages\psycopg2\_psycopg.cp311-win_amd64.pyd first seen with mtime 1674935812.3036945
File C:\Python311\Lib\site-packages\django\db\models\enums.py first seen with mtime 1674615474.0302258
File C:\Python311\Lib\site-packages\s3transfer\utils.py first seen with mtime 1683142636.0881884
File C:\Python311\Lib\re\_compiler.py first seen with mtime 1670375370.0
File C:\Python311\Lib\site-packages\s3transfer\delete.py first seen with mtime 1683142636.0881884
File C:\Python311\Lib\site-packages\django\contrib\admin\helpers.py first seen with mtime 1674615471.254344
File C:\Python311\Lib\asyncio\base_futures.py first seen with mtime 1670375370.0
File C:\Python311\Lib\site-packages\cryptography\hazmat\primitives\asymmetric\ed25519.py first seen with mtime 1674533040.9185817
File C:\Python311\Lib\decimal.py first seen with mtime 1670375370.0
File C:\Python311\Lib\asyncio\proactor_events.py first seen with mtime 1670375370.0
File C:\Python311\Lib\site-packages\django\contrib\sites\shortcuts.py first seen with mtime 1674615473.71828
File C:\Python311\Lib\site-packages\boto3\s3\__init__.py first seen with mtime 1683142636.2933395
File C:\Python311\Lib\site-packages\botocore\docs\utils.py first seen with mtime 1683142635.224487
File C:\Python311\Lib\site-packages\botocore\retries\throttling.py first seen with mtime 1683142635.240112
File C:\Python311\Lib\site-packages\botocore\parsers.py first seen with mtime 1683142633.944067
File C:\Python311\Lib\site-packages\sqlparse\filters\tokens.py first seen with mtime 1674615470.497825
File C:\Python311\Lib\site-packages\django\utils\inspect.py first seen with mtime 1674615474.2034636
File C:\Python311\Lib\multiprocessing\spawn.py first seen with mtime 1670375370.0
File C:\Python311\Lib\site-packages\sqlparse\filters\reindent.py first seen with mtime 1674615470.497825
File C:\Python311\Lib\site-packages\s3transfer\copies.py first seen with mtime 1683142636.0881884
File C:\Python311\Lib\asyncio\taskgroups.py first seen with mtime 1670375370.0
File C:\Python311\Lib\_compat_pickle.py first seen with mtime 1670375370.0
File C:\Python311\Lib\site-packages\botocore\waiter.py first seen with mtime 1683142633.944067
File C:\Python311\Lib\asyncio\trsock.py first seen with mtime 1670375370.0
File C:\Python311\Lib\site-packages\cryptography\hazmat\primitives\asymmetric\ec.py first seen with mtime 1674533040.9185817
File C:\Python311\Lib\site-packages\django\db\backends\base\base.py first seen with mtime 1674615473.9673042
File C:\Python311\Lib\site-packages\botocore\httpchecksum.py first seen with mtime 1683142633.9284425
File C:\Python311\Lib\site-packages\boto3\s3\transfer.py first seen with mtime 1683142636.2933395
File C:\Python311\Lib\site-packages\jmespath\visitor.py first seen with mtime 1683142633.8147933
File C:\Python311\Lib\site-packages\jinja2\idtracking.py first seen with mtime 1682309427.565888
File C:\Python311\Lib\site-packages\django\db\migrations\utils.py first seen with mtime 1674615474.0145652
File C:\Python311\Lib\site-packages\django\core\checks\urls.py first seen with mtime 1674615473.922231
File C:\Python311\Lib\asyncio\staggered.py first seen with mtime 1670375370.0
File C:\Python311\Lib\site-packages\django\db\models\fields\related.py first seen with mtime 1674615474.045813
File C:\Python311\Lib\site-packages\django\template\exceptions.py first seen with mtime 1674615474.1556242
File C:\Python311\Lib\site-packages\django\utils\decorators.py first seen with mtime 1674615474.1868353
File C:\Python311\Lib\site-packages\django\contrib\__init__.py first seen with mtime 1674615471.2387235
File C:\Python311\Lib\site-packages\django\contrib\auth\checks.py first seen with mtime 1674615472.0004022
File C:\Python311\Lib\site-packages\django\forms\forms.py first seen with mtime 1674615474.0614603
File C:\Python311\Lib\site-packages\urllib3\util\__init__.py first seen with mtime 1674532486.4682584
File C:\Python311\Lib\site-packages\django\template\context.py first seen with mtime 1674615474.1399715
File C:\Python311\Lib\lzma.py first seen with mtime 1670375370.0
File C:\Python311\Lib\site-packages\django\contrib\admin\checks.py first seen with mtime 1674615471.254344
File C:\Python311\Lib\site-packages\jinja2\parser.py first seen with mtime 1682309427.565888
File C:\Python311\Lib\site-packages\sqlparse\tokens.py first seen with mtime 1674615470.486814
File C:\Python311\Lib\asyncio\events.py first seen with mtime 1670375370.0
File C:\Python311\Lib\site-packages\django\template\smartif.py first seen with mtime 1674615474.1556242
File C:\Python311\Lib\tempfile.py first seen with mtime 1670375370.0
File C:\Python311\Lib\bisect.py first seen with mtime 1670375370.0
File C:\Python311\Lib\site-packages\django\test\runner.py first seen with mtime 1674615474.1712153
File C:\Python311\Lib\site-packages\cryptography\exceptions.py first seen with mtime 1674533040.8404737
File C:\Python311\Lib\site-packages\django\core\cache\utils.py first seen with mtime 1674615473.9065704
File C:\Python311\Lib\locale.py first seen with mtime 1670375370.0
File C:\Python311\Lib\site-packages\django\contrib\auth\forms.py first seen with mtime 1674615472.0004022
File C:\Python311\Lib\site-packages\django\contrib\staticfiles\views.py first seen with mtime 1674615473.8905206
File C:\Python311\Lib\site-packages\django\utils\duration.py first seen with mtime 1674615474.1868353
File C:\Python311\Lib\site-packages\django\contrib\messages\__init__.py first seen with mtime 1674615473.0168028
File C:\Python311\Lib\site-packages\urllib3\util\queue.py first seen with mtime 1674532486.4682584
File C:\Python311\Lib\site-packages\django\http\__init__.py first seen with mtime 1674615474.1243515
File C:\Python311\Lib\email\mime\text.py first seen with mtime 1670375370.0
File C:\Python311\Lib\pickle.py first seen with mtime 1670375370.0
File C:\Python311\Lib\site-packages\django\core\management\__init__.py first seen with mtime 1674615473.937819
File C:\Python311\DLLs\_socket.pyd first seen with mtime 1670375402.0
File C:\Python311\Lib\site-packages\PIL\ImageMode.py first seen with mtime 1682129550.4664567
File C:\Python311\Lib\site-packages\asgiref\__init__.py first seen with mtime 1674615470.7849948
File C:\Python311\Lib\site-packages\django\template\library.py first seen with mtime 1674615474.1556242
File C:\Python311\Lib\multiprocessing\process.py first seen with mtime 1670375370.0
File C:\Python311\Lib\site-packages\django\utils\dateparse.py first seen with mtime 1674615474.1868353
File C:\Python311\Lib\site-packages\django\utils\asyncio.py first seen with mtime 1674615474.1868353
File C:\Python311\Lib\site-packages\django\db\models\functions\window.py first seen with mtime 1674615474.045813
File C:\Python311\Lib\site-packages\jinja2\compiler.py first seen with mtime 1682309427.565888
File C:\Python311\Lib\http\server.py first seen with mtime 1670375370.0
File C:\Python311\Lib\site-packages\django\utils\crypto.py first seen with mtime 1674615474.1868353
File C:\Python311\Lib\site-packages\django\contrib\auth\apps.py first seen with mtime 1674615471.9938679
File C:\Python311\DLLs\select.pyd first seen with mtime 1670375402.0
File C:\Python311\Lib\site-packages\django\core\checks\templates.py first seen with mtime 1674615473.9065704
File C:\Users\todo_\OneDrive\Documentos\GitHub\decortinas\productos\admin.py first seen with mtime 1683814986.0661306
File C:\Python311\Lib\argparse.py first seen with mtime 1670375370.0
File C:\Python311\Lib\site-packages\django\template\defaultfilters.py first seen with mtime 1674615474.1399715
File C:\Python311\Lib\site-packages\django\contrib\admin\apps.py first seen with mtime 1674615471.2387235
File C:\Python311\Lib\site-packages\cryptography\hazmat\primitives\asymmetric\dsa.py first seen with mtime 1674533040.9185817
File C:\Python311\Lib\multiprocessing\context.py first seen with mtime 1670375370.0
File C:\Python311\Lib\uuid.py first seen with mtime 1670375372.0
File C:\Python311\Lib\site-packages\boto3\resources\collection.py first seen with mtime 1683142636.2933395
File C:\Python311\Lib\site-packages\urllib3\poolmanager.py first seen with mtime 1674532486.4526374
File C:\Python311\Lib\html\entities.py first seen with mtime 1670375370.0
File C:\Python311\Lib\site-packages\boto3\resources\model.py first seen with mtime 1683142636.2933395
File C:\Python311\Lib\site-packages\colorama\win32.py first seen with mtime 1682309426.9897344
File C:\Python311\Lib\asyncio\streams.py first seen with mtime 1670375370.0
File C:\Python311\Lib\site-packages\django\contrib\sessions\apps.py first seen with mtime 1674615473.514369
File C:\Python311\Lib\site-packages\django\core\checks\messages.py first seen with mtime 1674615473.9065704
File C:\Python311\Lib\site-packages\boto3\exceptions.py first seen with mtime 1683142636.2616923
File C:\Python311\Lib\site-packages\botocore\endpoint.py first seen with mtime 1683142633.9284425
File C:\Python311\Lib\site-packages\django\views\static.py first seen with mtime 1674615474.2184744
File C:\Python311\Lib\concurrent\futures\__init__.py first seen with mtime 1670375370.0
File C:\Python311\Lib\site-packages\psycopg2\_ipaddress.py first seen with mtime 1674935812.2880695
File C:\Python311\Lib\site-packages\boto3\docs\__init__.py first seen with mtime 1683142636.2777057
File C:\Python311\Lib\site-packages\django\db\migrations\operations\special.py first seen with mtime 1674615474.0302258
File C:\Python311\Lib\html\__init__.py first seen with mtime 1670375370.0
File C:\Python311\Lib\xml\etree\ElementPath.py first seen with mtime 1670375372.0
File C:\Python311\Lib\asyncio\format_helpers.py first seen with mtime 1670375370.0
File C:\Python311\Lib\asyncio\tasks.py first seen with mtime 1670375370.0
File C:\Python311\Lib\codeop.py first seen with mtime 1670375370.0
File C:\Python311\Lib\asyncio\transports.py first seen with mtime 1670375370.0
File C:\Python311\Lib\site-packages\django\http\request.py first seen with mtime 1674615474.1399715
File C:\Python311\Lib\site-packages\django\utils\lorem_ipsum.py first seen with mtime 1674615474.2034636
File C:\Python311\Lib\site-packages\django\forms\renderers.py first seen with mtime 1674615474.0614603
File C:\Python311\Lib\site-packages\django\contrib\admin\views\__init__.py first seen with mtime 1674615471.8037086
File C:\Python311\Lib\textwrap.py first seen with mtime 1670375372.0
File C:\Python311\Lib\site-packages\django\templatetags\tz.py first seen with mtime 1674615474.1712153
File C:\Python311\Lib\site-packages\botocore\docs\docstring.py first seen with mtime 1683142635.224487
File C:\Python311\Lib\site-packages\django\contrib\admin\views\main.py first seen with mtime 1674615471.819335
File C:\Python311\Lib\site-packages\botocore\utils.py first seen with mtime 1683142633.944067
File C:\Python311\Lib\site-packages\django\db\models\sql\__init__.py first seen with mtime 1674615474.045813
File C:\Python311\Lib\site-packages\botocore\docs\shape.py first seen with mtime 1683142635.224487
File C:\Python311\Lib\site-packages\botocore\session.py first seen with mtime 1683142633.944067
File C:\Python311\Lib\site-packages\django\template\loaders\__init__.py first seen with mtime 1674615474.1556242
File C:\Python311\Lib\linecache.py first seen with mtime 1670375370.0
File C:\Python311\Lib\site-packages\django\contrib\contenttypes\forms.py first seen with mtime 1674615472.2138338
File C:\Python311\Lib\site-packages\django\core\checks\security\__init__.py first seen with mtime 1674615473.922231
File C:\Users\todo_\OneDrive\Documentos\GitHub\decortinas\decortinas\settings.py first seen with mtime 1683840091.173115
File C:\Python311\Lib\site-packages\PIL\_version.py first seen with mtime 1682129550.5273342
File C:\Python311\Lib\ctypes\__init__.py first seen with mtime 1670375370.0
File C:\Python311\Lib\site-packages\jinja2\nodes.py first seen with mtime 1682309427.565888
File C:\Python311\Lib\contextlib.py first seen with mtime 1670375370.0
File C:\Python311\Lib\site-packages\django\forms\utils.py first seen with mtime 1674615474.0614603
File C:\Python311\Lib\site-packages\django\utils\translation\reloader.py first seen with mtime 1674615474.2184744
File C:\Python311\Lib\site-packages\django\utils\dateformat.py first seen with mtime 1674615474.1868353
File C:\Python311\Lib\xml\dom\NodeFilter.py first seen with mtime 1670375372.0
File C:\Python311\Lib\site-packages\storages\base.py first seen with mtime 1682518981.0825539
File C:\Python311\Lib\site-packages\jmespath\exceptions.py first seen with mtime 1683142633.8147933
File C:\Python311\Lib\site-packages\django\test\testcases.py first seen with mtime 1674615474.1712153
File C:\Python311\Lib\email\_policybase.py first seen with mtime 1670375370.0
File C:\Python311\Lib\contextvars.py first seen with mtime 1670375370.0
File C:\Python311\Lib\site-packages\django\contrib\contenttypes\apps.py first seen with mtime 1674615472.2138338
File C:\Python311\Lib\site-packages\django\views\decorators\debug.py first seen with mtime 1674615474.2341044
File C:\Python311\Lib\site-packages\sqlparse\filters\output.py first seen with mtime 1674615470.497825
File C:\Python311\Lib\site-packages\urllib3\util\response.py first seen with mtime 1674532486.4682584
File C:\Python311\Lib\site-packages\django\test\__init__.py first seen with mtime 1674615474.1712153
File C:\Python311\Lib\site-packages\django\utils\cache.py first seen with mtime 1674615474.1868353
File C:\Python311\Lib\site-packages\django\http\cookie.py first seen with mtime 1674615474.1399715
File C:\Python311\Lib\site-packages\botocore\vendored\__init__.py first seen with mtime 1683142635.240112
File C:\Python311\Lib\email\policy.py first seen with mtime 1670375370.0
File C:\Python311\Lib\email\parser.py first seen with mtime 1670375370.0
File C:\Python311\Lib\site-packages\django\contrib\admin\utils.py first seen with mtime 1674615471.254344
File C:\Python311\Lib\site-packages\jinja2\utils.py first seen with mtime 1682309427.5815475
File C:\Python311\Lib\site-packages\psycopg2\_json.py first seen with mtime 1674935812.2880695
File C:\Python311\Lib\xml\dom\__init__.py first seen with mtime 1670375372.0
File C:\Python311\Lib\site-packages\django\urls\converters.py first seen with mtime 1674615474.1712153
File C:\Python311\Lib\site-packages\cryptography\hazmat\primitives\serialization\base.py first seen with mtime 1674533040.9342017
File C:\Python311\Lib\multiprocessing\connection.py first seen with mtime 1670375370.0
File C:\Python311\Lib\site-packages\urllib3\packages\six.py first seen with mtime 1674532486.4682584
File C:\Python311\Lib\site-packages\django\db\backends\postgresql\operations.py first seen with mtime 1674615474.0030556
File C:\Python311\Lib\site-packages\botocore\vendored\requests\packages\urllib3\exceptions.py first seen with mtime 1683142635.240112
File C:\Python311\Lib\sysconfig.py first seen with mtime 1670375370.0
File C:\Python311\Lib\site-packages\django\http\response.py first seen with mtime 1674615474.1399715
File C:\Python311\Lib\site-packages\django\urls\__init__.py first seen with mtime 1674615474.1712153
File C:\Python311\Lib\site-packages\django\utils\connection.py first seen with mtime 1674615474.1868353
File C:\Python311\Lib\site-packages\django\views\generic\dates.py first seen with mtime 1674615474.2341044
File C:\Python311\Lib\keyword.py first seen with mtime 1670375370.0
File C:\Python311\Lib\site-packages\s3transfer\exceptions.py first seen with mtime 1683142636.0881884
File C:\Python311\Lib\shlex.py first seen with mtime 1670375370.0
File C:\Python311\Lib\site-packages\boto3\docs\service.py first seen with mtime 1683142636.2777057
File C:\Python311\Lib\site-packages\dateutil\tz\__init__.py first seen with mtime 1675181416.4586017
File C:\Python311\Lib\site-packages\django\db\migrations\migration.py first seen with mtime 1674615474.0145652
File C:\Python311\Lib\site-packages\urllib3\util\timeout.py first seen with mtime 1674532486.4682584
File C:\Python311\Lib\asyncio\locks.py first seen with mtime 1670375370.0
File C:\Python311\Lib\asyncio\timeouts.py first seen with mtime 1670375370.0
File C:\Python311\Lib\site-packages\django\shortcuts.py first seen with mtime 1674615470.9250245
File C:\Python311\Lib\site-packages\botocore\history.py first seen with mtime 1683142633.9284425
File C:\Python311\Lib\asyncio\windows_events.py first seen with mtime 1670375370.0
File C:\Python311\Lib\site-packages\django\contrib\auth\hashers.py first seen with mtime 1674615472.0004022
File C:\Python311\Lib\asyncio\base_subprocess.py first seen with mtime 1670375370.0
File C:\Python311\Lib\site-packages\dateutil\tz\_common.py first seen with mtime 1675181416.4586017
File C:\Python311\Lib\site-packages\django\contrib\staticfiles\__init__.py first seen with mtime 1674615473.8905206
File C:\Python311\Lib\site-packages\django\db\models\query_utils.py first seen with mtime 1674615474.0302258
File C:\Python311\Lib\urllib\error.py first seen with mtime 1670375372.0
File C:\Python311\Lib\site-packages\django\db\models\__init__.py first seen with mtime 1674615474.0302258
File C:\Python311\Lib\site-packages\django\utils\numberformat.py first seen with mtime 1674615474.2034636
File C:\Python311\Lib\email\mime\base.py first seen with mtime 1670375370.0
File C:\Python311\Lib\site-packages\botocore\handlers.py first seen with mtime 1683142633.9284425
File C:\Python311\Lib\site-packages\django\template\engine.py first seen with mtime 1674615474.1556242
File C:\Python311\Lib\base64.py first seen with mtime 1670375370.0
File C:\Python311\Lib\concurrent\futures\thread.py first seen with mtime 1670375370.0
File C:\Python311\Lib\heapq.py first seen with mtime 1670375370.0
File C:\Python311\Lib\site-packages\django\db\migrations\exceptions.py first seen with mtime 1674615474.0145652
File C:\Python311\Lib\site-packages\jinja2\async_utils.py first seen with mtime 1682309427.565888
File C:\Python311\Lib\site-packages\botocore\retryhandler.py first seen with mtime 1683142633.944067
File C:\Python311\Lib\site-packages\django\template\backends\django.py first seen with mtime 1674615474.1556242
File C:\Python311\Lib\site-packages\django\db\models\deletion.py first seen with mtime 1674615474.0302258
File C:\Python311\Lib\site-packages\django\views\generic\__init__.py first seen with mtime 1674615474.2341044
File C:\Python311\Lib\site-packages\urllib3\response.py first seen with mtime 1674532486.4526374
File C:\Python311\Lib\site-packages\botocore\paginate.py first seen with mtime 1683142633.944067
File C:\Python311\Lib\site-packages\django\contrib\contenttypes\management\__init__.py first seen with mtime 1674615472.4011543
File C:\Python311\Lib\xml\__init__.py first seen with mtime 1670375372.0
File C:\Python311\Lib\multiprocessing\util.py first seen with mtime 1670375370.0
File C:\Python311\Lib\site-packages\django\contrib\auth\signals.py first seen with mtime 1674615472.0004022
File C:\Python311\Lib\site-packages\botocore\docs\waiter.py first seen with mtime 1683142635.224487
File C:\Python311\Lib\_weakrefset.py first seen with mtime 1670375370.0
File C:\Python311\DLLs\_uuid.pyd first seen with mtime 1670375402.0
File C:\Python311\Lib\site-packages\dateutil\__init__.py first seen with mtime 1675181416.4516015
File C:\Python311\Lib\site-packages\django\db\models\sql\where.py first seen with mtime 1674615474.0614603
File C:\Python311\Lib\pathlib.py first seen with mtime 1670375370.0
File C:\Python311\Lib\site-packages\django\db\models\functions\math.py first seen with mtime 1674615474.045813
File C:\Python311\Lib\pkgutil.py first seen with mtime 1670375370.0
File C:\Python311\Lib\site-packages\django\template\loaders\cached.py first seen with mtime 1674615474.1556242
File C:\Python311\Lib\site-packages\cryptography\hazmat\primitives\ciphers\__init__.py first seen with mtime 1674533040.9185817
File C:\Python311\Lib\site-packages\django\core\wsgi.py first seen with mtime 1674615473.9065704
File C:\Python311\Lib\site-packages\colorama\winterm.py first seen with mtime 1682309426.9897344
File C:\Python311\Lib\json\__init__.py first seen with mtime 1670375370.0
File C:\Python311\Lib\site-packages\sqlparse\engine\statement_splitter.py first seen with mtime 1674615470.486814
File C:\Python311\Lib\site-packages\django\db\models\functions\text.py first seen with mtime 1674615474.045813
File C:\Python311\Lib\site-packages\botocore\retries\__init__.py first seen with mtime 1683142635.240112
File C:\Python311\Lib\asyncio\queues.py first seen with mtime 1670375370.0
File C:\Python311\Lib\site-packages\django\core\handlers\asgi.py first seen with mtime 1674615473.922231
File C:\Python311\Lib\site-packages\PIL\ExifTags.py first seen with mtime 1682129550.4483726
File C:\Python311\Lib\site-packages\django\core\checks\registry.py first seen with mtime 1674615473.9065704
File C:\Python311\Lib\site-packages\django\conf\locale\__init__.py first seen with mtime 1674615470.9250245
File C:\Python311\Lib\asyncio\threads.py first seen with mtime 1670375370.0
File C:\Python311\Lib\site-packages\django\db\migrations\operations\base.py first seen with mtime 1674615474.0145652
File C:\Python311\Lib\site-packages\botocore\vendored\requests\exceptions.py first seen with mtime 1683142635.240112
File C:\Python311\Lib\site-packages\boto3\docs\client.py first seen with mtime 1683142636.2777057
File C:\Python311\Lib\site-packages\dotenv\__init__.py first seen with mtime 1683229133.0140884
File C:\Python311\Lib\site-packages\django\db\backends\postgresql\introspection.py first seen with mtime 1674615474.0030556
File C:\Python311\Lib\site-packages\dotenv\main.py first seen with mtime 1683229133.0181997
File C:\Python311\Lib\site-packages\cryptography\hazmat\primitives\asymmetric\types.py first seen with mtime 1674533040.9185817
File C:\Python311\Lib\importlib\resources\abc.py first seen with mtime 1670375370.0
File C:\Python311\Lib\queue.py first seen with mtime 1670375370.0
File C:\Python311\Lib\site-packages\django\utils\deprecation.py first seen with mtime 1674615474.1868353
File C:\Python311\Lib\site-packages\cryptography\hazmat\primitives\asymmetric\rsa.py first seen with mtime 1674533040.9185817
File C:\Python311\Lib\random.py first seen with mtime 1670375370.0
File C:\Python311\Lib\xml\dom\xmlbuilder.py first seen with mtime 1670375372.0
File C:\Python311\Lib\site-packages\django\core\files\base.py first seen with mtime 1674615473.922231
File C:\Python311\DLLs\unicodedata.pyd first seen with mtime 1670375404.0
File C:\Python311\Lib\email\base64mime.py first seen with mtime 1670375370.0
File C:\Python311\Lib\weakref.py first seen with mtime 1670375372.0
File C:\Python311\Lib\site-packages\botocore\retries\standard.py first seen with mtime 1683142635.240112
File C:\Python311\Lib\site-packages\django\core\mail\utils.py first seen with mtime 1674615473.937819
File C:\Python311\Lib\site-packages\django\middleware\__init__.py first seen with mtime 1674615474.1399715
File C:\Python311\Lib\site-packages\django\db\backends\base\client.py first seen with mtime 1674615473.9673042
File C:\Python311\Lib\site-packages\django\core\management\base.py first seen with mtime 1674615473.937819
File C:\Python311\Lib\site-packages\cryptography\hazmat\primitives\__init__.py first seen with mtime 1674533040.9029596
File C:\Python311\Lib\site-packages\django\db\backends\base\schema.py first seen with mtime 1674615473.9829264
File C:\Python311\Lib\site-packages\cryptography\hazmat\__init__.py first seen with mtime 1674533040.8560956
File C:\Python311\Lib\xml\dom\minidom.py first seen with mtime 1670375372.0
File C:\Python311\Lib\asyncio\selector_events.py first seen with mtime 1670375370.0
File C:\Python311\Lib\site-packages\colorama\__init__.py first seen with mtime 1682309426.9741461
File C:\Python311\Lib\dataclasses.py first seen with mtime 1670375370.0
File C:\Python311\Lib\site-packages\django\template\loaders\app_directories.py first seen with mtime 1674615474.1556242
File C:\Python311\Lib\email\utils.py first seen with mtime 1670375370.0
File C:\Python311\Lib\re\_parser.py first seen with mtime 1670375370.0
File C:\Python311\Lib\site-packages\django\template\loader.py first seen with mtime 1674615474.1556242
File C:\Python311\Lib\site-packages\cryptography\hazmat\primitives\asymmetric\dh.py first seen with mtime 1674533040.9185817
File C:\Python311\Lib\site-packages\botocore\discovery.py first seen with mtime 1683142633.9284425
File C:\Python311\Lib\site-packages\django\utils\autoreload.py first seen with mtime 1674615474.1868353
File C:\Python311\Lib\importlib\resources\_legacy.py first seen with mtime 1670375370.0
File C:\Python311\Lib\xml\dom\domreg.py first seen with mtime 1670375372.0
File C:\Users\todo_\OneDrive\Documentos\GitHub\decortinas\productos\apps.py first seen with mtime 1683216049.815632
File C:\Python311\Lib\email\quoprimime.py first seen with mtime 1670375370.0
File C:\Python311\Lib\site-packages\botocore\model.py first seen with mtime 1683142633.9284425
File C:\Python311\Lib\site-packages\bcrypt\_bcrypt.pyd first seen with mtime 1682357774.806936
File C:\Python311\Lib\site-packages\django\apps\registry.py first seen with mtime 1674615470.9250245
File C:\Python311\Lib\site-packages\sqlparse\utils.py first seen with mtime 1674615470.486814
File C:\Python311\Lib\site-packages\botocore\exceptions.py first seen with mtime 1683142633.9284425
File C:\Python311\Lib\site-packages\botocore\retries\special.py first seen with mtime 1683142635.240112
File C:\Python311\Lib\site-packages\django\core\checks\database.py first seen with mtime 1674615473.9065704
File C:\Python311\Lib\site-packages\botocore\vendored\requests\packages\urllib3\__init__.py first seen with mtime 1683142635.240112
File C:\Python311\DLLs\_lzma.pyd first seen with mtime 1670375414.0
File C:\Python311\Lib\email\feedparser.py first seen with mtime 1670375370.0
File C:\Python311\Lib\site-packages\cryptography\hazmat\primitives\asymmetric\x25519.py first seen with mtime 1674533040.9185817
File C:\Python311\Lib\site-packages\jmespath\ast.py first seen with mtime 1683142633.8147933
File C:\Python311\Lib\importlib\resources\_common.py first seen with mtime 1670375370.0
File C:\Python311\Lib\site-packages\botocore\retries\bucket.py first seen with mtime 1683142635.240112
File C:\Python311\Lib\site-packages\boto3\docs\base.py first seen with mtime 1683142636.2777057
File C:\Python311\Lib\difflib.py first seen with mtime 1670375370.0
File C:\Python311\Lib\token.py first seen with mtime 1670375372.0
File C:\Python311\Lib\mimetypes.py first seen with mtime 1670375370.0
File C:\Python311\Lib\glob.py first seen with mtime 1670375370.0
File C:\Python311\Lib\selectors.py first seen with mtime 1670375370.0
File C:\Python311\Lib\site-packages\jinja2\defaults.py first seen with mtime 1682309427.565888
File C:\Python311\Lib\site-packages\django_heroku\core.py first seen with mtime 1674935812.4430144
File C:\Python311\Lib\site-packages\storages\backends\__init__.py first seen with mtime 1682518981.0845616
File C:\Python311\Lib\site-packages\django\test\html.py first seen with mtime 1674615474.1712153
File C:\Python311\Lib\site-packages\django\forms\models.py first seen with mtime 1674615474.0614603
File C:\Python311\Lib\site-packages\botocore\configloader.py first seen with mtime 1683142633.9284425
File C:\Python311\Lib\site-packages\django\template\loaders\base.py first seen with mtime 1674615474.1556242
File C:\Python311\Lib\site-packages\django\templatetags\cache.py first seen with mtime 1674615474.1712153
File C:\Python311\Lib\site-packages\django\contrib\admin\exceptions.py first seen with mtime 1674615471.254344
File C:\Python311\Lib\site-packages\django\core\checks\security\base.py first seen with mtime 1674615473.922231
File C:\Python311\Lib\site-packages\django\db\migrations\__init__.py first seen with mtime 1674615474.0145652
File C:\Python311\Lib\site-packages\jinja2\exceptions.py first seen with mtime 1682309427.565888
File C:\Python311\Lib\site-packages\cryptography\hazmat\bindings\_rust.pyd first seen with mtime 1674533040.9029596
File C:\Python311\Lib\site-packages\sqlparse\keywords.py first seen with mtime 1674615470.486814
File C:\Python311\Lib\wsgiref\util.py first seen with mtime 1670375372.0
File C:\Python311\Lib\site-packages\botocore\vendored\six.py first seen with mtime 1683142635.240112
File C:\Python311\Lib\asyncio\exceptions.py first seen with mtime 1670375370.0
File C:\Python311\Lib\site-packages\django\db\models\expressions.py first seen with mtime 1674615474.0302258
File C:\Python311\Lib\site-packages\s3transfer\constants.py first seen with mtime 1683142636.0881884
File C:\Python311\Lib\site-packages\boto3\resources\response.py first seen with mtime 1683142636.2933395
File C:\Python311\Lib\site-packages\django\db\models\fields\__init__.py first seen with mtime 1674615474.0302258
File C:\Python311\Lib\site-packages\urllib3\util\wait.py first seen with mtime 1674532486.4682584
File C:\Python311\Lib\site-packages\django\utils\safestring.py first seen with mtime 1674615474.2034636
File C:\Python311\Lib\html\parser.py first seen with mtime 1670375370.0
File C:\Python311\Lib\site-packages\django\db\models\fields\related_descriptors.py first seen with mtime 1674615474.045813
File C:\Python311\Lib\site-packages\urllib3\util\connection.py first seen with mtime 1674532486.4682584
File C:\Python311\Lib\site-packages\django\utils\termcolors.py first seen with mtime 1674615474.2034636
File C:\Python311\Lib\site-packages\django\contrib\sessions\models.py first seen with mtime 1674615473.514369
File C:\Python311\Lib\site-packages\urllib3\connectionpool.py first seen with mtime 1674532486.4526374
File C:\Python311\Lib\site-packages\storages\compress.py first seen with mtime 1682518981.0835605
File C:\Python311\Lib\site-packages\django\contrib\admin\templatetags\log.py first seen with mtime 1674615471.8037086
File C:\Python311\Lib\site-packages\django\db\__init__.py first seen with mtime 1674615473.9673042
File C:\Python311\Lib\zoneinfo\__init__.py first seen with mtime 1670375372.0
File C:\Python311\Lib\site-packages\dateutil\relativedelta.py first seen with mtime 1675181416.453602
File C:\Python311\Lib\site-packages\s3transfer\upload.py first seen with mtime 1683142636.0881884
File C:\Python311\Lib\site-packages\botocore\vendored\requests\__init__.py first seen with mtime 1683142635.240112
File C:\Python311\Lib\email\mime\multipart.py first seen with mtime 1670375370.0
File C:\Python311\Lib\site-packages\django\views\generic\list.py first seen with mtime 1674615474.2341044
File C:\Python311\Lib\zoneinfo\_common.py first seen with mtime 1670375372.0
File C:\Python311\Lib\site-packages\boto3\resources\action.py first seen with mtime 1683142636.2933395
File C:\Python311\Lib\site-packages\django\core\serializers\__init__.py first seen with mtime 1674615473.9673042
File C:\Python311\Lib\site-packages\django\urls\base.py first seen with mtime 1674615474.1712153
File C:\Python311\Lib\site-packages\django\contrib\admin\templatetags\__init__.py first seen with mtime 1674615471.8037086
File C:\Python311\Lib\multiprocessing\reduction.py first seen with mtime 1670375370.0
File C:\Python311\Lib\operator.py first seen with mtime 1670375370.0
File C:\Python311\Lib\site-packages\django\db\models\options.py first seen with mtime 1674615474.0302258
File C:\Python311\Lib\site-packages\psycopg2\_range.py first seen with mtime 1674935812.3036945
File C:\Python311\Lib\site-packages\django\db\models\sql\datastructures.py first seen with mtime 1674615474.045813
File C:\Python311\Lib\site-packages\django\views\decorators\cache.py first seen with mtime 1674615474.2184744
File C:\Python311\Lib\enum.py first seen with mtime 1670375370.0
File C:\Python311\Lib\site-packages\botocore\translate.py first seen with mtime 1683142633.944067
File C:\Python311\Lib\site-packages\botocore\monitoring.py first seen with mtime 1683142633.944067
File C:\Python311\Lib\site-packages\django\core\files\storage.py first seen with mtime 1674615473.922231
File C:\Python311\Lib\site-packages\django\utils\itercompat.py first seen with mtime 1674615474.2034636
File C:\Python311\Lib\struct.py first seen with mtime 1670375370.0
File C:\Python311\Lib\site-packages\django\db\models\base.py first seen with mtime 1674615474.0302258
File C:\Python311\Lib\site-packages\django\core\files\temp.py first seen with mtime 1674615473.922231
File C:\Python311\Lib\site-packages\django\utils\deconstruct.py first seen with mtime 1674615474.1868353
File C:\Python311\Lib\quopri.py first seen with mtime 1670375370.0
File C:\Python311\Lib\site-packages\django\core\servers\basehttp.py first seen with mtime 1674615473.9673042
File C:\Python311\Lib\site-packages\django\db\models\fields\mixins.py first seen with mtime 1674615474.045813
File C:\Python311\Lib\site-packages\django\utils\ipv6.py first seen with mtime 1674615474.2034636
File C:\Python311\Lib\http\cookies.py first seen with mtime 1670375370.0
File C:\Python311\Lib\site-packages\django\dispatch\dispatcher.py first seen with mtime 1674615474.0614603
File C:\Python311\Lib\re\__init__.py first seen with mtime 1670375370.0
File C:\Python311\Lib\multiprocessing\managers.py first seen with mtime 1670375370.0
File C:\Python311\Lib\site-packages\sqlparse\filters\aligned_indent.py first seen with mtime 1674615470.497825
File C:\Python311\Lib\site-packages\sqlparse\sql.py first seen with mtime 1674615470.486814
File C:\Python311\Lib\site-packages\django\views\generic\edit.py first seen with mtime 1674615474.2341044
File C:\Python311\Lib\site-packages\django\db\models\lookups.py first seen with mtime 1674615474.0302258
File C:\Python311\Lib\unittest\result.py first seen with mtime 1670375372.0
File C:\Python311\Lib\site-packages\jinja2\optimizer.py first seen with mtime 1682309427.565888
File C:\Python311\Lib\site-packages\django\contrib\contenttypes\views.py first seen with mtime 1674615472.2138338
File C:\Python311\Lib\site-packages\urllib3\connection.py first seen with mtime 1674532486.4526374
File C:\Python311\Lib\site-packages\django\views\generic\base.py first seen with mtime 1674615474.2341044
File C:\Python311\Lib\site-packages\django\utils\timesince.py first seen with mtime 1674615474.2184744
File C:\Python311\Lib\site-packages\botocore\docs\method.py first seen with mtime 1683142635.224487
File C:\Python311\Lib\site-packages\botocore\config.py first seen with mtime 1683142633.9284425
File C:\Python311\Lib\site-packages\django\db\models\fields\proxy.py first seen with mtime 1674615474.045813
File C:\Python311\Lib\bz2.py first seen with mtime 1670375370.0
File C:\Python311\Lib\site-packages\django\utils\timezone.py first seen with mtime 1674615474.2184744
File C:\Python311\Lib\site-packages\cryptography\hazmat\primitives\_cipheralgorithm.py first seen with mtime 1674533040.9029596
File C:\Python311\Lib\nturl2path.py first seen with mtime 1670375370.0
File C:\Python311\Lib\site-packages\botocore\docs\paginator.py first seen with mtime 1683142635.224487
File C:\Python311\Lib\site-packages\psycopg2\errors.py first seen with mtime 1674935812.3193188
File C:\Python311\Lib\site-packages\django\contrib\contenttypes\models.py first seen with mtime 1674615472.2138338
File C:\Python311\Lib\site-packages\django\contrib\messages\utils.py first seen with mtime 1674615473.0324316
File C:\Python311\Lib\site-packages\django\contrib\auth\base_user.py first seen with mtime 1674615471.9938679
File C:\Python311\Lib\site-packages\cryptography\hazmat\primitives\ciphers\base.py first seen with mtime 1674533040.9185817
File C:\Python311\Lib\site-packages\django\contrib\admin\actions.py first seen with mtime 1674615471.2387235
File C:\Python311\Lib\site-packages\django\core\files\utils.py first seen with mtime 1674615473.922231
File C:\Python311\Lib\site-packages\cryptography\hazmat\backends\__init__.py first seen with mtime 1674533040.8560956
File C:\Python311\Lib\pprint.py first seen with mtime 1670375370.0
File C:\Python311\Lib\site-packages\botocore\docs\example.py first seen with mtime 1683142635.224487
File C:\Python311\Lib\site-packages\botocore\retries\base.py first seen with mtime 1683142635.240112
File C:\Python311\Lib\site-packages\jinja2\runtime.py first seen with mtime 1682309427.565888
File C:\Python311\Lib\site-packages\urllib3\util\retry.py first seen with mtime 1674532486.4682584
File C:\Python311\Lib\site-packages\botocore\__init__.py first seen with mtime 1683142633.9284425
File C:\Python311\Lib\site-packages\django\contrib\staticfiles\checks.py first seen with mtime 1674615473.8905206
File C:\Python311\Lib\site-packages\js_asset\__init__.py first seen with mtime 1682266773.5870185
File C:\Python311\Lib\site-packages\django\utils\functional.py first seen with mtime 1674615474.2034636
File C:\Python311\Lib\site-packages\boto3\resources\base.py first seen with mtime 1683142636.2933395
File C:\Python311\Lib\site-packages\django\core\files\locks.py first seen with mtime 1674615473.922231
File C:\Python311\Lib\site-packages\django\db\backends\base\features.py first seen with mtime 1674615473.9673042
File C:\Python311\Lib\site-packages\asgiref\local.py first seen with mtime 1674615470.7849948
File C:\Python311\Lib\site-packages\django\db\backends\utils.py first seen with mtime 1674615473.9673042
File C:\Python311\Lib\site-packages\django\db\migrations\state.py first seen with mtime 1674615474.0145652
File C:\Python311\Lib\asyncio\sslproto.py first seen with mtime 1670375370.0
File C:\Python311\Lib\site-packages\django\contrib\messages\api.py first seen with mtime 1674615473.0324316
File C:\Python311\Lib\site-packages\s3transfer\download.py first seen with mtime 1683142636.0881884
File C:\Python311\Lib\site-packages\django\contrib\auth\validators.py first seen with mtime 1674615472.0099132
File C:\Python311\Lib\site-packages\botocore\docs\bcdoc\style.py first seen with mtime 1683142635.240112
File C:\Python311\Lib\concurrent\futures\_base.py first seen with mtime 1670375370.0
File C:\Python311\Lib\calendar.py first seen with mtime 1670375370.0
File C:\Python311\Lib\site-packages\django\forms\__init__.py first seen with mtime 1674615474.0614603
File C:\Python311\Lib\xml\etree\ElementTree.py first seen with mtime 1670375372.0
File C:\Python311\Lib\pdb.py first seen with mtime 1670375370.0
File C:\Python311\Lib\site-packages\django\views\__init__.py first seen with mtime 1674615474.2184744
File C:\Python311\DLLs\_decimal.pyd first seen with mtime 1670375402.0
File C:\Python311\Lib\site-packages\django\forms\fields.py first seen with mtime 1674615474.0614603
File C:\Python311\Lib\email\errors.py first seen with mtime 1670375370.0
File C:\Python311\Lib\site-packages\django\template\defaulttags.py first seen with mtime 1674615474.1556242
File C:\Python311\Lib\email\_parseaddr.py first seen with mtime 1670375370.0
File C:\Python311\Lib\site-packages\django\core\cache\backends\filebased.py first seen with mtime 1674615473.9065704
File C:\Python311\Lib\site-packages\dj_database_url.py first seen with mtime 1674935812.4238663
File C:\Python311\Lib\site-packages\django\core\management\commands\runserver.py first seen with mtime 1674615473.9589417
File C:\Python311\Lib\site-packages\django\contrib\auth\__init__.py first seen with mtime 1674615471.9938679
File C:\Python311\Lib\site-packages\ckeditor\configs.py first seen with mtime 1682266773.6345923
File C:\Python311\Lib\encodings\aliases.py first seen with mtime 1670375370.0
File C:\Python311\Lib\site-packages\django\contrib\admin\__init__.py first seen with mtime 1674615471.2387235
File C:\Python311\Lib\site-packages\django\core\mail\message.py first seen with mtime 1674615473.937819
File C:\Python311\Lib\site-packages\django\core\handlers\__init__.py first seen with mtime 1674615473.922231
File C:\Python311\Lib\site-packages\django\urls\resolvers.py first seen with mtime 1674615474.1868353
File C:\Python311\Lib\site-packages\django\utils\datastructures.py first seen with mtime 1674615474.1868353
File C:\Python311\Lib\site-packages\sqlparse\filters\others.py first seen with mtime 1674615470.497825
File C:\Python311\Lib\xml\dom\minicompat.py first seen with mtime 1670375372.0
File C:\Python311\Lib\site-packages\boto3\resources\params.py first seen with mtime 1683142636.2933395
File C:\Python311\Lib\site-packages\sqlparse\exceptions.py first seen with mtime 1674615470.486814
File C:\Python311\Lib\site-packages\boto3\docs\utils.py first seen with mtime 1683142636.2777057
File C:\Python311\Lib\site-packages\django\core\files\uploadhandler.py first seen with mtime 1674615473.922231
File C:\Python311\Lib\site-packages\colorama\initialise.py first seen with mtime 1682309426.9897344
File C:\Python311\Lib\unittest\suite.py first seen with mtime 1670375372.0
File C:\Python311\DLLs\_ctypes.pyd first seen with mtime 1670375402.0
File C:\Python311\Lib\site-packages\django\contrib\sessions\__init__.py first seen with mtime 1674615473.514369
File C:\Python311\Lib\site-packages\django\template\__init__.py first seen with mtime 1674615474.1399715
File C:\Python311\Lib\site-packages\boto3\compat.py first seen with mtime 1683142636.2616923
File C:\Python311\Lib\site-packages\urllib3\contrib\__init__.py first seen with mtime 1674532486.4526374
File C:\Python311\Lib\site-packages\django\db\backends\postgresql\creation.py first seen with mtime 1674615474.0030556
File C:\Python311\Lib\shutil.py first seen with mtime 1670375370.0
File C:\Python311\Lib\site-packages\django\utils\module_loading.py first seen with mtime 1674615474.2034636
File C:\Python311\Lib\site-packages\botocore\docs\bcdoc\docstringparser.py first seen with mtime 1683142635.240112
File C:\Python311\Lib\email\message.py first seen with mtime 1670375370.0
File C:\Python311\Lib\site-packages\PIL\__init__.py first seen with mtime 1682129550.4933455
File C:\Python311\Lib\site-packages\boto3\resources\factory.py first seen with mtime 1683142636.2933395
File C:\Python311\Lib\multiprocessing\resource_tracker.py first seen with mtime 1670375370.0
File C:\Python311\Lib\site-packages\dotenv\parser.py first seen with mtime 1683229133.0201974
File C:\Python311\Lib\site-packages\django\db\models\aggregates.py first seen with mtime 1674615474.0302258
File C:\Python311\Lib\site-packages\cryptography\hazmat\primitives\asymmetric\__init__.py first seen with mtime 1674533040.9185817
File C:\Python311\Lib\site-packages\_distutils_hack\__init__.py first seen with mtime 1667917729.38337
File C:\Python311\Lib\site-packages\cryptography\__init__.py first seen with mtime 1674533040.8404737
File C:\Python311\Lib\hmac.py first seen with mtime 1670375370.0
File C:\Python311\Lib\site-packages\django\utils\dates.py first seen with mtime 1674615474.1868353
File C:\Python311\Lib\site-packages\django\db\backends\signals.py first seen with mtime 1674615473.9673042
File C:\Python311\Lib\site-packages\jinja2\tests.py first seen with mtime 1682309427.565888
File C:\Python311\Lib\json\decoder.py first seen with mtime 1670375370.0
File C:\Python311\Lib\site-packages\django\contrib\admin\filters.py first seen with mtime 1674615471.254344
File C:\Python311\Lib\site-packages\jinja2\filters.py first seen with mtime 1682309427.565888
File C:\Python311\Lib\site-packages\django\contrib\staticfiles\management\__init__.py first seen with mtime 1674615473.8905206
File C:\Python311\Lib\asyncio\runners.py first seen with mtime 1670375370.0
File C:\Python311\Lib\site-packages\django\views\decorators\csrf.py first seen with mtime 1674615474.2341044
File C:\Python311\Lib\site-packages\urllib3\util\ssl_.py first seen with mtime 1674532486.4682584
File C:\Python311\Lib\email\generator.py first seen with mtime 1670375370.0
File C:\Python311\Lib\site-packages\django\template\backends\base.py first seen with mtime 1674615474.1556242
File C:\Python311\Lib\site-packages\s3transfer\bandwidth.py first seen with mtime 1683142636.0881884
File C:\Python311\Lib\site-packages\django\templatetags\i18n.py first seen with mtime 1674615474.1712153
File C:\Python311\Lib\site-packages\dateutil\tz\_factories.py first seen with mtime 1675181416.4596019
File C:\Python311\Lib\ctypes\wintypes.py first seen with mtime 1670375370.0
File C:\Python311\Lib\site-packages\django\contrib\staticfiles\storage.py first seen with mtime 1674615473.8905206
File C:\Python311\Lib\multiprocessing\pool.py first seen with mtime 1670375370.0
File C:\Python311\Lib\asyncio\constants.py first seen with mtime 1670375370.0
File C:\Python311\Lib\site-packages\django\db\models\constraints.py first seen with mtime 1674615474.0302258
File C:\Python311\Lib\site-packages\django\db\models\manager.py first seen with mtime 1674615474.0302258
File C:\Python311\Lib\site-packages\django\utils\log.py first seen with mtime 1674615474.2034636
File C:\Python311\Lib\site-packages\django\core\serializers\python.py first seen with mtime 1674615473.9673042
File C:\Python311\Lib\unittest\util.py first seen with mtime 1670375372.0
File C:\Users\todo_\OneDrive\Documentos\GitHub\decortinas\manage.py first seen with mtime 1683216049.815632
File C:\Python311\Lib\site-packages\dateutil\parser\_parser.py first seen with mtime 1675181416.4566023
File C:\Python311\Lib\site-packages\js_asset\js.py first seen with mtime 1682266773.5877678
File C:\Python311\Lib\asyncio\mixins.py first seen with mtime 1670375370.0
File C:\Python311\Lib\site-packages\bcrypt\__about__.py first seen with mtime 1682357774.8039396
File C:\Python311\Lib\site-packages\django\contrib\staticfiles\management\commands\runserver.py first seen with mtime 1674615473.8905206
File C:\Python311\Lib\multiprocessing\__init__.py first seen with mtime 1670375370.0
File C:\Python311\Lib\site-packages\jinja2\visitor.py first seen with mtime 1682309427.5815475
File C:\Python311\Lib\site-packages\django\core\management\sql.py first seen with mtime 1674615473.937819
File C:\Python311\Lib\site-packages\django\utils\__init__.py first seen with mtime 1674615474.1868353
File C:\Python311\Lib\site-packages\botocore\docs\bcdoc\restdoc.py first seen with mtime 1683142635.240112
File C:\Python311\Lib\site-packages\boto3\docs\resource.py first seen with mtime 1683142636.2777057
File C:\Python311\Lib\site-packages\django\db\backends\ddl_references.py first seen with mtime 1674615473.9673042
File C:\Python311\Lib\fnmatch.py first seen with mtime 1670375370.0
File C:\Python311\Lib\site-packages\jmespath\compat.py first seen with mtime 1683142633.8147933
File C:\Python311\Lib\site-packages\django\contrib\contenttypes\__init__.py first seen with mtime 1674615472.2138338
File C:\Python311\Lib\site-packages\markupsafe\_speedups.cp311-win_amd64.pyd first seen with mtime 1682309426.8829875
File C:\Python311\Lib\site-packages\boto3\__init__.py first seen with mtime 1683142636.2616923
File C:\Python311\Lib\site-packages\django\db\transaction.py first seen with mtime 1674615473.9673042
File C:\Python311\Lib\site-packages\django\urls\utils.py first seen with mtime 1674615474.1868353
File C:\Python311\Lib\site-packages\django\core\servers\__init__.py first seen with mtime 1674615473.9673042
File C:\Python311\Lib\site-packages\urllib3\filepost.py first seen with mtime 1674532486.4526374
File C:\Python311\Lib\site-packages\django\core\checks\security\sessions.py first seen with mtime 1674615473.922231
File C:\Users\todo_\OneDrive\Documentos\GitHub\decortinas\productos\views.py first seen with mtime 1683836197.8169901
File C:\Python311\Lib\site-packages\django\template\loader_tags.py first seen with mtime 1674615474.1556242
File C:\Python311\Lib\site-packages\django\contrib\contenttypes\fields.py first seen with mtime 1674615472.2138338
File C:\Python311\Lib\site-packages\jinja2\bccache.py first seen with mtime 1682309427.565888
File C:\Python311\Lib\site-packages\botocore\args.py first seen with mtime 1683142633.9284425
File C:\Python311\Lib\site-packages\django\db\models\functions\datetime.py first seen with mtime 1674615474.045813
File C:\Python311\Lib\site-packages\botocore\tokens.py first seen with mtime 1683142633.944067
File C:\Python311\Lib\site-packages\django\template\autoreload.py first seen with mtime 1674615474.1399715
File C:\Python311\Lib\site-packages\botocore\response.py first seen with mtime 1683142633.944067
File C:\Python311\Lib\site-packages\certifi\core.py first seen with mtime 1674533040.3697884
File C:\Python311\Lib\site-packages\django\contrib\staticfiles\utils.py first seen with mtime 1674615473.8905206
File C:\Python311\Lib\site-packages\django\utils\formats.py first seen with mtime 1674615474.2034636
File C:\Users\todo_\OneDrive\Documentos\GitHub\decortinas\productos\models.py first seen with mtime 1683815296.0443764
File C:\Python311\Lib\site-packages\botocore\regions.py first seen with mtime 1683142633.944067
File C:\Python311\Lib\site-packages\s3transfer\compat.py first seen with mtime 1683142636.0881884
File C:\Python311\Lib\site-packages\boto3\docs\action.py first seen with mtime 1683142636.2777057
File C:\Python311\DLLs\_queue.pyd first seen with mtime 1670375402.0
File C:\Python311\Lib\site-packages\django\core\checks\security\csrf.py first seen with mtime 1674615473.922231
File C:\Python311\Lib\site-packages\ckeditor\__init__.py first seen with mtime 1682266773.6345923
File C:\Python311\Lib\email\mime\message.py first seen with mtime 1670375370.0
File C:\Python311\Lib\site-packages\ckeditor\fields.py first seen with mtime 1682266773.6345923
File C:\Python311\Lib\site-packages\django\db\backends\base\validation.py first seen with mtime 1674615473.9829264
File C:\Python311\Lib\site-packages\sqlparse\formatter.py first seen with mtime 1674615470.486814
File C:\Python311\Lib\site-packages\django\core\mail\__init__.py first seen with mtime 1674615473.937819
File C:\Python311\Lib\site-packages\django\core\checks\model_checks.py first seen with mtime 1674615473.9065704
File C:\Python311\Lib\asyncio\base_tasks.py first seen with mtime 1670375370.0
File C:\Python311\Lib\code.py first seen with mtime 1670375370.0
File C:\Python311\Lib\site-packages\django\core\files\images.py first seen with mtime 1674615473.922231
File C:\Python311\Lib\site-packages\botocore\signers.py first seen with mtime 1683142633.944067
File C:\Python311\Lib\site-packages\django\core\serializers\base.py first seen with mtime 1674615473.9673042
File C:\Python311\Lib\site-packages\botocore\retries\quota.py first seen with mtime 1683142635.240112
File C:\Python311\Lib\site-packages\asgiref\sync.py first seen with mtime 1674615470.7849948
File C:\Python311\Lib\ipaddress.py first seen with mtime 1670375370.0
File C:\Python311\Lib\site-packages\django\core\checks\caches.py first seen with mtime 1674615473.9065704
File C:\Python311\Lib\unittest\signals.py first seen with mtime 1670375372.0
File C:\Python311\Lib\site-packages\dateutil\tz\tz.py first seen with mtime 1675181416.4606023
File C:\Python311\Lib\site-packages\django\core\handlers\exception.py first seen with mtime 1674615473.922231
File C:\Python311\Lib\wsgiref\simple_server.py first seen with mtime 1670375372.0
File C:\Python311\Lib\site-packages\cryptography\hazmat\primitives\_serialization.py first seen with mtime 1674533040.9029596
File C:\Python311\Lib\site-packages\boto3\docs\docstring.py first seen with mtime 1683142636.2777057
File C:\Python311\Lib\site-packages\jmespath\__init__.py first seen with mtime 1683142633.8147933
File C:\Python311\Lib\site-packages\sqlparse\engine\__init__.py first seen with mtime 1674615470.486814
File C:\Python311\Lib\site-packages\django\template\response.py first seen with mtime 1674615474.1556242
File C:\Python311\Lib\site-packages\botocore\docs\sharedexample.py first seen with mtime 1683142635.224487
File C:\Python311\Lib\site-packages\django\test\client.py first seen with mtime 1674615474.1712153
File C:\Python311\Lib\site-packages\botocore\awsrequest.py first seen with mtime 1683142633.9284425
File C:\Python311\Lib\encodings\utf_8.py first seen with mtime 1670375370.0
File C:\Python311\Lib\logging\handlers.py first seen with mtime 1670375370.0
File C:\Python311\Lib\xml\etree\__init__.py first seen with mtime 1670375372.0
File C:\Python311\Lib\site-packages\django\db\backends\postgresql\__init__.py first seen with mtime 1674615474.0030556
File C:\Python311\Lib\site-packages\cryptography\hazmat\primitives\serialization\ssh.py first seen with mtime 1674533040.9342017
File C:\Python311\Lib\site-packages\django\core\files\uploadedfile.py first seen with mtime 1674615473.922231
File C:\Python311\Lib\site-packages\markupsafe\__init__.py first seen with mtime 1682309426.880442
File C:\Python311\Lib\site-packages\django\utils\regex_helper.py first seen with mtime 1674615474.2034636
File C:\Python311\Lib\importlib\resources\__init__.py first seen with mtime 1670375370.0
File C:\Python311\Lib\urllib\request.py first seen with mtime 1670375372.0
File C:\Python311\Lib\site-packages\django\contrib\auth\management\__init__.py first seen with mtime 1674615472.2008247
File C:\Python311\Lib\site-packages\django_heroku\__init__.py first seen with mtime 1674935812.4430144
File C:\Python311\Lib\site-packages\django\core\files\move.py first seen with mtime 1674615473.922231
File C:\Python311\Lib\site-packages\s3transfer\__init__.py first seen with mtime 1683142636.0881884
File C:\Python311\Lib\asyncio\protocols.py first seen with mtime 1670375370.0
File C:\Python311\Lib\site-packages\urllib3\util\url.py first seen with mtime 1674532486.4682584
File C:\Python311\Lib\string.py first seen with mtime 1670375370.0
File C:\Python311\Lib\site-packages\cryptography\__about__.py first seen with mtime 1674533040.8404737
File C:\Python311\Lib\site-packages\django\contrib\contenttypes\admin.py first seen with mtime 1674615472.2138338
File C:\Python311\Lib\reprlib.py first seen with mtime 1670375370.0
File C:\Python311\Lib\site-packages\django\contrib\staticfiles\finders.py first seen with mtime 1674615473.8905206
File C:\Python311\Lib\site-packages\storages\utils.py first seen with mtime 1682518981.0835605
File C:\Python311\Lib\datetime.py first seen with mtime 1670375370.0
File C:\Python311\Lib\site-packages\botocore\docs\__init__.py first seen with mtime 1683142635.224487
File C:\Python311\Lib\copy.py first seen with mtime 1670375370.0
File C:\Python311\Lib\site-packages\django\core\signals.py first seen with mtime 1674615473.9030273
File C:\Python311\Lib\site-packages\urllib3\exceptions.py first seen with mtime 1674532486.4526374
File C:\Python311\Lib\site-packages\dateutil\parser\__init__.py first seen with mtime 1675181416.4566023
File C:\Python311\Lib\site-packages\botocore\docs\bcdoc\__init__.py first seen with mtime 1683142635.224487
File C:\Python311\Lib\site-packages\django\templatetags\l10n.py first seen with mtime 1674615474.1712153
File C:\Python311\Lib\site-packages\dateutil\tz\win.py first seen with mtime 1675181416.4606023
File C:\Python311\Lib\site-packages\s3transfer\manager.py first seen with mtime 1683142636.0881884
File C:\Python311\Lib\site-packages\cryptography\hazmat\primitives\hashes.py first seen with mtime 1674533040.9029596
File C:\Python311\Lib\ssl.py first seen with mtime 1670375370.0
File C:\Python311\Lib\site-packages\cryptography\hazmat\primitives\serialization\__init__.py first seen with mtime 1674533040.9342017
File C:\Python311\Lib\site-packages\django\forms\formsets.py first seen with mtime 1674615474.0614603
File C:\Python311\Lib\site-packages\django\views\decorators\common.py first seen with mtime 1674615474.2341044
File C:\Python311\Lib\email\mime\nonmultipart.py first seen with mtime 1670375370.0
File C:\Python311\Lib\email\charset.py first seen with mtime 1670375370.0
File C:\Python311\Lib\email\contentmanager.py first seen with mtime 1670375370.0
File C:\Python311\Lib\site-packages\jmespath\lexer.py first seen with mtime 1683142633.8147933
File C:\Python311\Lib\zoneinfo\_tzpath.py first seen with mtime 1670375372.0
File C:\Python311\Lib\wsgiref\__init__.py first seen with mtime 1670375372.0
File C:\Python311\Lib\site-packages\django\contrib\messages\storage\__init__.py first seen with mtime 1674615473.0324316
File C:\Python311\Lib\site-packages\urllib3\contrib\_appengine_environ.py first seen with mtime 1674532486.4526374
File C:\Python311\Lib\site-packages\django\contrib\auth\models.py first seen with mtime 1674615472.0004022
File C:\Python311\Lib\site-packages\django\utils\hashable.py first seen with mtime 1674615474.2034636
File C:\Python311\DLLs\_overlapped.pyd first seen with mtime 1670375414.0
File C:\Python311\Lib\site-packages\django\contrib\admin\options.py first seen with mtime 1674615471.254344
File C:\Python311\Lib\site-packages\urllib3\_collections.py first seen with mtime 1674532486.4526374
File C:\Python311\Lib\site-packages\django\contrib\messages\apps.py first seen with mtime 1674615473.0324316
File C:\Python311\Lib\site-packages\django\templatetags\static.py first seen with mtime 1674615474.1712153
File C:\Python311\Lib\site-packages\django\contrib\admin\models.py first seen with mtime 1674615471.254344
File C:\Python311\Lib\email\mime\__init__.py first seen with mtime 1670375370.0
File C:\Python311\Lib\xml\etree\cElementTree.py first seen with mtime 1670375372.0
File C:\Python311\Lib\site-packages\django\core\cache\__init__.py first seen with mtime 1674615473.9065704
File C:\Python311\Lib\configparser.py first seen with mtime 1670375370.0
File C:\Python311\Lib\site-packages\cryptography\hazmat\bindings\__init__.py first seen with mtime 1674533040.8717165
File C:\Python311\Lib\site-packages\django\core\paginator.py first seen with mtime 1674615473.9030273
File C:\Python311\Lib\site-packages\django\core\handlers\base.py first seen with mtime 1674615473.922231
File C:\Python311\Lib\site-packages\cryptography\hazmat\primitives\asymmetric\ed448.py first seen with mtime 1674533040.9185817
File C:\Users\todo_\OneDrive\Documentos\GitHub\decortinas\productos\__init__.py first seen with mtime 1683216049.815632
File C:\Python311\Lib\site-packages\botocore\errorfactory.py first seen with mtime 1683142633.9284425
File C:\Python311\Lib\re\_casefix.py first seen with mtime 1670375370.0
File C:\Python311\Lib\socketserver.py first seen with mtime 1670375370.0
File C:\Python311\Lib\site-packages\s3transfer\subscribers.py first seen with mtime 1683142636.0881884
File C:\Python311\Lib\site-packages\dotenv\variables.py first seen with mtime 1683229133.0221968
File C:\Python311\Lib\site-packages\django\db\models\sql\subqueries.py first seen with mtime 1674615474.0614603
File C:\Users\todo_\OneDrive\Documentos\GitHub\decortinas\decortinas\__init__.py first seen with mtime 1683216049.815632
File C:\Python311\Lib\site-packages\boto3\docs\waiter.py first seen with mtime 1683142636.2777057
File C:\Python311\DLLs\_elementtree.pyd first seen with mtime 1670375414.0
File C:\Python311\Lib\site-packages\django\core\cache\backends\__init__.py first seen with mtime 1674615473.9065704
File C:\Python311\Lib\site-packages\django\template\base.py first seen with mtime 1674615474.1399715
File C:\Python311\Lib\site-packages\botocore\loaders.py first seen with mtime 1683142633.9284425
File C:\Python311\Lib\site-packages\ckeditor\templates\ckeditor first seen with mtime 1682266774.3257833
File C:\Python311\Lib\site-packages\ckeditor\templates\ckeditor\widget.html first seen with mtime 1682266774.3257833
File C:\Users\todo_\OneDrive\Documentos\GitHub\decortinas\productos\templates\404.html first seen with mtime 1683837624.520615
File C:\Users\todo_\OneDrive\Documentos\GitHub\decortinas\productos\templates\base first seen with mtime 1683216049.8625078
File C:\Users\todo_\OneDrive\Documentos\GitHub\decortinas\productos\templates\contacto.html first seen with mtime 1683311161.4616477
File C:\Users\todo_\OneDrive\Documentos\GitHub\decortinas\productos\templates\cookies.html first seen with mtime 1683310580.6012292
File C:\Users\todo_\OneDrive\Documentos\GitHub\decortinas\productos\templates\home.html first seen with mtime 1683837958.8297262
File C:\Users\todo_\OneDrive\Documentos\GitHub\decortinas\productos\templates\nosotros.html first seen with mtime 1683839306.451028
File C:\Users\todo_\OneDrive\Documentos\GitHub\decortinas\productos\templates\partials first seen with mtime 1683224485.0818741
File C:\Users\todo_\OneDrive\Documentos\GitHub\decortinas\productos\templates\pauta.html first seen with mtime 1683839513.045137
File C:\Users\todo_\OneDrive\Documentos\GitHub\decortinas\productos\templates\privacy.html first seen with mtime 1683310522.9180708
File C:\Users\todo_\OneDrive\Documentos\GitHub\decortinas\productos\templates\producto-detalle.html first seen with mtime 1683308302.3832266
File C:\Users\todo_\OneDrive\Documentos\GitHub\decortinas\productos\templates\servicios.html first seen with mtime 1683839509.9151728
File C:\Users\todo_\OneDrive\Documentos\GitHub\decortinas\productos\templates\tienda.html first seen with mtime 1683316401.8309245
File C:\Users\todo_\OneDrive\Documentos\GitHub\decortinas\productos\templates\base\index.html first seen with mtime 1683835492.2774217
File C:\Users\todo_\OneDrive\Documentos\GitHub\decortinas\productos\templates\partials\comments.html first seen with mtime 1683574622.679102
File C:\Users\todo_\OneDrive\Documentos\GitHub\decortinas\productos\templates\partials\footer.html first seen with mtime 1683573081.696334
File C:\Users\todo_\OneDrive\Documentos\GitHub\decortinas\productos\templates\partials\nav.html first seen with mtime 1683658799.8816917
File C:\Users\todo_\OneDrive\Documentos\GitHub\decortinas\productos\templates\partials\promo.html first seen with mtime 1683229973.5477717
File C:\Users\todo_\OneDrive\Documentos\GitHub\decortinas\productos\templates\partials\scripts.html first seen with mtime 1683816315.7456703
File C:\Python311\Lib\site-packages\google\protobuf\reflection.py first seen with mtime 1674532487.2024617
File C:\Python311\Lib\importlib\readers.py first seen with mtime 1670375370.0
File C:\Python311\Lib\site-packages\cryptography\hazmat\backends\openssl\poly1305.py first seen with mtime 1674533040.8560956
File C:\Python311\Lib\site-packages\cryptography\hazmat\bindings\_openssl.pyd first seen with mtime 1674533040.8873382
File C:\Python311\Lib\site-packages\google\api_core\client_options.py first seen with mtime 1682520375.799989
File C:\Python311\Lib\http\cookiejar.py first seen with mtime 1670375370.0
File C:\Python311\Lib\site-packages\django\contrib\auth\migrations\0008_alter_user_username_max_length.py first seen with mtime 1674615472.2138338
File C:\Python311\Lib\site-packages\whitenoise\responders.py first seen with mtime 1674935812.203946
File C:\Python311\Lib\site-packages\requests\cookies.py first seen with mtime 1674533040.6842613
File C:\Python311\Lib\site-packages\PIL\_imaging.cp311-win_amd64.pyd first seen with mtime 1682129550.509237
File C:\Python311\Lib\site-packages\requests\exceptions.py first seen with mtime 1674533040.6842613
File C:\Python311\Lib\site-packages\requests\hooks.py first seen with mtime 1674533040.6842613
File C:\Python311\Lib\site-packages\google\protobuf\text_format.py first seen with mtime 1674532487.2024617
File C:\Python311\Lib\plistlib.py first seen with mtime 1670375370.0
File C:\Users\todo_\OneDrive\Documentos\GitHub\decortinas\productos\migrations\0005_additionalimage_product_additional_images.py first seen with mtime 1683216049.815632
File C:\Python311\Lib\site-packages\django\middleware\common.py first seen with mtime 1674615474.1399715
File C:\Python311\Lib\site-packages\PIL\_binary.py first seen with mtime 1682129550.497406
File C:\Users\todo_\OneDrive\Documentos\GitHub\decortinas\productos\migrations\0016_comment.py first seen with mtime 1683556605.2417579
File C:\Python311\Lib\site-packages\google\protobuf\descriptor.py first seen with mtime 1674532487.1868737
File C:\Python311\Lib\site-packages\django\contrib\sessions\migrations\__init__.py first seen with mtime 1674615473.702736
File C:\Python311\Lib\site-packages\google\auth\crypt\rsa.py first seen with mtime 1682520375.2425692
File C:\Python311\Lib\site-packages\pkg_resources\_vendor\pyparsing\core.py first seen with mtime 1667917729.4053116
File C:\Python311\Lib\site-packages\django\contrib\contenttypes\migrations\__init__.py first seen with mtime 1674615472.4011543
File C:\Python311\Lib\site-packages\charset_normalizer\models.py first seen with mtime 1674532687.0425446
File C:\Python311\Lib\site-packages\google\protobuf\message_factory.py first seen with mtime 1674532487.2024617
File C:\Python311\Lib\site-packages\google\resumable_media\requests\_request_helpers.py first seen with mtime 1682520375.0229683
File C:\Python311\Lib\site-packages\pkg_resources\_vendor\packaging\markers.py first seen with mtime 1667917729.3993275
File C:\Python311\Lib\site-packages\charset_normalizer\cd.py first seen with mtime 1674532687.0395799
File C:\Python311\Lib\site-packages\google\protobuf\descriptor_pool.py first seen with mtime 1674532487.2024617
File C:\Python311\Lib\site-packages\PIL\_util.py first seen with mtime 1682129550.5273342
File C:\Python311\Lib\site-packages\win32com\__init__.py first seen with mtime 1674660051.6088774
File C:\Python311\Lib\site-packages\django\contrib\sessions\exceptions.py first seen with mtime 1674615473.514369
File C:\Python311\Lib\site-packages\charset_normalizer\__init__.py first seen with mtime 1674532687.0376303
File C:\Python311\Lib\site-packages\pkg_resources\_vendor\more_itertools\recipes.py first seen with mtime 1667917729.3963366
File C:\Python311\Lib\site-packages\google\cloud\storage\batch.py first seen with mtime 1682520376.3025815
File C:\Python311\Lib\site-packages\win32\win32api.pyd first seen with mtime 1674660051.5151496
File C:\Python311\Lib\importlib\resources\_itertools.py first seen with mtime 1670375370.0
File C:\Python311\Lib\site-packages\cryptography\x509\__init__.py first seen with mtime 1674533040.9342017
File C:\Python311\Lib\site-packages\cryptography\hazmat\bindings\openssl\binding.py first seen with mtime 1674533040.9029596
File C:\Python311\Lib\site-packages\cryptography\hazmat\backends\openssl\backend.py first seen with mtime 1674533040.8560956
File C:\Python311\Lib\site-packages\google\cloud\storage\retry.py first seen with mtime 1682520376.3168924
File C:\Python311\Lib\site-packages\cryptography\hazmat\backends\openssl\ed448.py first seen with mtime 1674533040.8560956
File C:\Python311\Lib\site-packages\google\resumable_media\common.py first seen with mtime 1682520375.0229683
File C:\Users\todo_\OneDrive\Documentos\GitHub\decortinas\productos\migrations\0002_alter_product_productimg.py first seen with mtime 1683216049.815632
File C:\Python311\Lib\site-packages\cryptography\hazmat\backends\openssl\ciphers.py first seen with mtime 1674533040.8560956
File C:\Users\todo_\OneDrive\Documentos\GitHub\decortinas\productos\migrations\__init__.py first seen with mtime 1683216049.815632
File C:\Python311\Lib\site-packages\google\cloud\_http\__init__.py first seen with mtime 1682520376.2070198
File C:\Python311\Lib\site-packages\pkg_resources\_vendor\pyparsing\actions.py first seen with mtime 1667917729.403317
File C:\Python311\Lib\site-packages\pkg_resources\_vendor\more_itertools\more.py first seen with mtime 1667917729.3953393
File C:\Python311\Lib\site-packages\idna\core.py first seen with mtime 1674532686.8168325
File C:\Python311\Lib\site-packages\requests\compat.py first seen with mtime 1674533040.6842613
File C:\Python311\Lib\site-packages\google\auth\crypt\_cryptography_rsa.py first seen with mtime 1682520375.2355626
File C:\Python311\Lib\site-packages\whitenoise\__init__.py first seen with mtime 1674935812.199343
File C:\Python311\Lib\stringprep.py first seen with mtime 1670375370.0
File C:\Users\todo_\OneDrive\Documentos\GitHub\decortinas\productos\migrations\0013_alter_product_productdiscount_and_more.py first seen with mtime 1683303559.370739
File C:\Python311\Lib\site-packages\google\cloud\storage\acl.py first seen with mtime 1682520376.3025815
File C:\Python311\Lib\site-packages\pkg_resources\_vendor\packaging\_musllinux.py first seen with mtime 1667917729.3983302
File C:\Python311\Lib\site-packages\pkg_resources\_vendor\packaging\specifiers.py first seen with mtime 1667917729.4003248
File C:\Python311\Lib\site-packages\google\resumable_media\requests\upload.py first seen with mtime 1682520375.0229683
File C:\Python311\Lib\site-packages\cryptography\hazmat\backends\openssl\aead.py first seen with mtime 1674533040.8560956
File C:\Python311\Lib\site-packages\requests\structures.py first seen with mtime 1674533040.699883
File C:\Python311\Lib\site-packages\google\api_core\page_iterator.py first seen with mtime 1682520375.8029647
File C:\Python311\Lib\site-packages\google\protobuf\internal\api_implementation.py first seen with mtime 1674532487.2024617
File C:\Python311\Lib\site-packages\google\rpc\__init__.py first seen with mtime 1682520374.2028067
File C:\Python311\Lib\site-packages\cryptography\x509\base.py first seen with mtime 1674533040.9342017
File C:\Python311\Lib\site-packages\cryptography\hazmat\backends\openssl\utils.py first seen with mtime 1674533040.8560956
File C:\Python311\Lib\site-packages\cffi\api.py first seen with mtime 1674533040.166712
File C:\Users\todo_\OneDrive\Documentos\GitHub\decortinas\productos\migrations\0015_alter_pagina_pageogtitle.py first seen with mtime 1683306127.7010448
File C:\Python311\Lib\site-packages\google\protobuf\descriptor_pb2.py first seen with mtime 1674532487.2024617
File C:\Python311\Lib\site-packages\django\contrib\contenttypes\migrations\0002_remove_content_type_name.py first seen with mtime 1674615472.4011543
File C:\Python311\Lib\site-packages\google\protobuf\internal\message_listener.py first seen with mtime 1674532487.2180831
File C:\Python311\Lib\site-packages\whitenoise\string_utils.py first seen with mtime 1674935812.2069607
File C:\Python311\Lib\site-packages\win32\_win32sysloader.pyd first seen with mtime 1674660051.499528
File C:\Python311\Lib\site-packages\requests\adapters.py first seen with mtime 1674533040.6842613
File C:\Python311\Lib\site-packages\charset_normalizer\legacy.py first seen with mtime 1674532687.0405772
File C:\Python311\Lib\site-packages\django\contrib\auth\migrations\0012_alter_user_first_name_max_length.py first seen with mtime 1674615472.2138338
File C:\Python311\Lib\site-packages\cryptography\hazmat\bindings\openssl\_conditional.py first seen with mtime 1674533040.9029596
File C:\Python311\Lib\site-packages\whitenoise\base.py first seen with mtime 1674935812.2009454
File C:\Python311\Lib\site-packages\charset_normalizer\constant.py first seen with mtime 1674532687.0395799
File C:\Python311\Lib\site-packages\google\protobuf\duration_pb2.py first seen with mtime 1674532487.2024617
File C:\Python311\Lib\site-packages\pkg_resources\_vendor\pyparsing\helpers.py first seen with mtime 1667917729.4073062
File C:\Python311\Lib\site-packages\django\contrib\admin\migrations\0001_initial.py first seen with mtime 1674615471.6622846
File C:\Python311\Lib\site-packages\cryptography\hazmat\backends\openssl\ed25519.py first seen with mtime 1674533040.8560956
File C:\Python311\Lib\site-packages\django\db\migrations\graph.py first seen with mtime 1674615474.0145652
File C:\Python311\Lib\site-packages\charset_normalizer\assets\__init__.py first seen with mtime 1674532687.0454986
File C:\Python311\Lib\site-packages\google\protobuf\symbol_database.py first seen with mtime 1674532487.2024617
File C:\Python311\Lib\site-packages\charset_normalizer\version.py first seen with mtime 1674532687.0445375
File C:\Python311\Lib\site-packages\PIL\TiffTags.py first seen with mtime 1682129550.4922714
File C:\Users\todo_\OneDrive\Documentos\GitHub\decortinas\productos\migrations\0017_video.py first seen with mtime 1683815386.5262475
File C:\Python311\Lib\site-packages\_cffi_backend.cp311-win_amd64.pyd first seen with mtime 1674533040.166712
File C:\Users\todo_\OneDrive\Documentos\GitHub\decortinas\productos\migrations\0014_alter_product_productdiscount_and_more.py first seen with mtime 1683303694.591841
File C:\Users\todo_\OneDrive\Documentos\GitHub\decortinas\productos\migrations\0010_pagina_product_galleryc_alter_product_galleryb_and_more.py first seen with mtime 1683300421.309379
File C:\Python311\Lib\site-packages\django\contrib\auth\migrations\0007_alter_validators_add_error_messages.py first seen with mtime 1674615472.2008247
File C:\Python311\Lib\site-packages\cryptography\hazmat\backends\openssl\dsa.py first seen with mtime 1674533040.8560956
File C:\Python311\Lib\site-packages\cachetools\__init__.py first seen with mtime 1682520374.9662797
File C:\Python311\Lib\site-packages\google\auth\version.py first seen with mtime 1682520375.2355626
File C:\Python311\Lib\site-packages\cffi\error.py first seen with mtime 1674533040.182334
File C:\Python311\Lib\site-packages\google\protobuf\text_encoding.py first seen with mtime 1674532487.2024617
File C:\Python311\Lib\site-packages\google\api_core\client_info.py first seen with mtime 1682520375.799989
File C:\Python311\Lib\site-packages\pkg_resources\_vendor\packaging\version.py first seen with mtime 1667917729.4023197
File C:\Python311\Lib\site-packages\requests\utils.py first seen with mtime 1674533040.699883
File C:\Python311\Lib\encodings\unicode_escape.py first seen with mtime 1670375370.0
File C:\Python311\Lib\site-packages\google\rpc\error_details_pb2.py first seen with mtime 1682520374.2028067
File C:\Python311\Lib\site-packages\google\protobuf\internal\extension_dict.py first seen with mtime 1674532487.2180831
File C:\Python311\Lib\site-packages\django\contrib\admin\migrations\0003_logentry_add_action_flag_choices.py first seen with mtime 1674615471.6622846
File C:\Python311\Lib\site-packages\requests\api.py first seen with mtime 1674533040.6842613
File C:\Python311\Lib\site-packages\google\auth\_helpers.py first seen with mtime 1682520375.2227998
File C:\Python311\Lib\site-packages\requests\packages.py first seen with mtime 1674533040.699883
File C:\Python311\Lib\site-packages\requests\sessions.py first seen with mtime 1674533040.699883
File C:\Python311\Lib\site-packages\idna\intranges.py first seen with mtime 1674532686.818828
File C:\Python311\Lib\email\mime\application.py first seen with mtime 1670375370.0
File C:\Users\todo_\OneDrive\Documentos\GitHub\decortinas\productos\migrations\0004_alter_product_productimg.py first seen with mtime 1683216049.815632
File C:\Python311\Lib\site-packages\google\auth\exceptions.py first seen with mtime 1682520375.2227998
File C:\Python311\Lib\site-packages\google\oauth2\service_account.py first seen with mtime 1682520375.2527409
File C:\Python311\Lib\site-packages\pkg_resources\extern\__init__.py first seen with mtime 1667917729.410298
File C:\Python311\Lib\site-packages\pkg_resources\__init__.py first seen with mtime 1667917729.3843675
File C:\Python311\Lib\site-packages\cryptography\hazmat\backends\openssl\dh.py first seen with mtime 1674533040.8560956
File C:\Python311\Lib\site-packages\google\api_core\retry.py first seen with mtime 1682520375.8134544
File C:\Python311\Lib\site-packages\django\middleware\security.py first seen with mtime 1674615474.1399715
File C:\Python311\Lib\site-packages\charset_normalizer\md.py first seen with mtime 1674532687.0415435
File C:\Python311\Lib\site-packages\django\contrib\sessions\middleware.py first seen with mtime 1674615473.514369
File C:\Python311\Lib\site-packages\google\auth\crypt\es256.py first seen with mtime 1682520375.2425692
File C:\Python311\Lib\site-packages\pkg_resources\_vendor\pyparsing\exceptions.py first seen with mtime 1667917729.406309
File C:\Python311\Lib\site-packages\google\protobuf\__init__.py first seen with mtime 1674532487.1868737
File C:\Python311\Lib\site-packages\cryptography\x509\oid.py first seen with mtime 1674533040.9342017
File C:\Python311\Lib\site-packages\cryptography\hazmat\backends\openssl\cmac.py first seen with mtime 1674533040.8560956
File C:\Python311\Lib\encodings\idna.py first seen with mtime 1670375370.0
File C:\Python311\Lib\site-packages\cffi\model.py first seen with mtime 1674533040.182334
File C:\Python311\Lib\site-packages\idna\package_data.py first seen with mtime 1674532686.8198256
File C:\Python311\Lib\site-packages\google\protobuf\internal\encoder.py first seen with mtime 1674532487.2180831
File C:\Python311\Lib\site-packages\django\contrib\sessions\migrations\0001_initial.py first seen with mtime 1674615473.702736
File C:\Users\todo_\OneDrive\Documentos\GitHub\decortinas\productos\migrations\0008_alter_product_productbanner.py first seen with mtime 1683232812.6892402
File C:\Python311\Lib\site-packages\cryptography\hazmat\primitives\serialization\pkcs12.py first seen with mtime 1674533040.9342017
File C:\Python311\Lib\site-packages\cffi\lock.py first seen with mtime 1674533040.182334
File C:\Python311\Lib\site-packages\google\cloud\exceptions\__init__.py first seen with mtime 1682520376.2130165
File C:\Python311\Lib\site-packages\django\contrib\contenttypes\migrations\0001_initial.py first seen with mtime 1674615472.4011543
File C:\Python311\Lib\site-packages\google\auth\_default.py first seen with mtime 1682520375.2131855
File C:\Python311\Lib\site-packages\google\auth\__init__.py first seen with mtime 1682520375.2131855
File C:\Python311\Lib\site-packages\google\cloud\storage\client.py first seen with mtime 1682520376.312943
File C:\Python311\Lib\site-packages\pkg_resources\_vendor\pyparsing\testing.py first seen with mtime 1667917729.4083035
File C:\Python311\Lib\site-packages\google\resumable_media\_download.py first seen with mtime 1682520375.0229683
File C:\Python311\Lib\site-packages\google\protobuf\internal\wire_format.py first seen with mtime 1674532487.2180831
File C:\Python311\Lib\site-packages\cryptography\hazmat\primitives\kdf\scrypt.py first seen with mtime 1674533040.9185817
File C:\Python311\Lib\site-packages\pkg_resources\_vendor\pyparsing\util.py first seen with mtime 1667917729.4093006
File C:\Python311\Lib\site-packages\django\views\csrf.py first seen with mtime 1674615474.2184744
File C:\Python311\Lib\site-packages\requests\__version__.py first seen with mtime 1674533040.6842613
File C:\Python311\Lib\zipfile.py first seen with mtime 1670375372.0
File C:\Python311\Lib\site-packages\django\contrib\auth\backends.py first seen with mtime 1674615471.9938679
File C:\Python311\Lib\site-packages\cffi\__init__.py first seen with mtime 1674533040.166712
File C:\Python311\Lib\encodings\raw_unicode_escape.py first seen with mtime 1670375370.0
File C:\Python311\Lib\site-packages\google\cloud\storage\notification.py first seen with mtime 1682520376.3158925
File C:\Python311\Lib\site-packages\google\protobuf\internal\well_known_types.py first seen with mtime 1674532487.2180831
File C:\Python311\Lib\site-packages\google\auth\_service_account_info.py first seen with mtime 1682520375.2227998
File C:\Python311\Lib\site-packages\cryptography\hazmat\bindings\openssl\__init__.py first seen with mtime 1674533040.9029596
File C:\Python311\Lib\site-packages\cryptography\hazmat\backends\openssl\hashes.py first seen with mtime 1674533040.8560956
File C:\Users\todo_\OneDrive\Documentos\GitHub\decortinas\productos\migrations\0003_alter_product_productimg.py first seen with mtime 1683216049.815632
File C:\Python311\Lib\site-packages\django\contrib\auth\migrations\0003_alter_user_email_max_length.py first seen with mtime 1674615472.2008247
File C:\Python311\Lib\site-packages\google\auth\_exponential_backoff.py first seen with mtime 1682520375.219794
File C:\Python311\Lib\site-packages\django\core\cache\backends\locmem.py first seen with mtime 1674615473.9065704
File C:\Python311\Lib\site-packages\django\contrib\auth\migrations\0002_alter_permission_name_max_length.py first seen with mtime 1674615472.2008247
File C:\Python311\Lib\site-packages\google\api_core\version.py first seen with mtime 1682520375.815465
File C:\Python311\Lib\site-packages\pkg_resources\_vendor\packaging\__about__.py first seen with mtime 1667917729.3963366
File C:\Python311\Lib\site-packages\django\contrib\auth\middleware.py first seen with mtime 1674615472.0004022
File C:\Python311\Lib\site-packages\PIL\_deprecate.py first seen with mtime 1682129550.497406
File C:\Users\todo_\OneDrive\Documentos\GitHub\decortinas\productos\migrations\0001_initial.py first seen with mtime 1683216049.815632
File C:\Python311\Lib\site-packages\pkg_resources\_vendor\jaraco\text\__init__.py first seen with mtime 1667917729.3933434
File C:\Python311\Lib\site-packages\google\resumable_media\_helpers.py first seen with mtime 1682520375.0229683
File C:\Python311\Lib\site-packages\requests\status_codes.py first seen with mtime 1674533040.699883
File C:\Python311\Lib\site-packages\idna\idnadata.py first seen with mtime 1674532686.8178315
File C:\Python311\Lib\site-packages\django\db\migrations\recorder.py first seen with mtime 1674615474.0145652
File C:\Python311\Lib\site-packages\google\api_core\datetime_helpers.py first seen with mtime 1682520375.8009589
File C:\Python311\Lib\site-packages\pkg_resources\_vendor\pyparsing\common.py first seen with mtime 1667917729.404314
File C:\Python311\Lib\site-packages\google\cloud\storage\version.py first seen with mtime 1682520376.318893
File C:\Python311\Lib\site-packages\requests\models.py first seen with mtime 1674533040.6842613
File C:\Python311\Lib\site-packages\pkg_resources\_vendor\packaging\_structures.py first seen with mtime 1667917729.3993275
File C:\Python311\Lib\site-packages\pkg_resources\_vendor\packaging\requirements.py first seen with mtime 1667917729.4003248
File C:\Python311\Lib\site-packages\google\cloud\storage\constants.py first seen with mtime 1682520376.3138943
File C:\Python311\Lib\site-packages\cryptography\x509\extensions.py first seen with mtime 1674533040.9342017
File C:\Python311\Lib\site-packages\google\auth\crypt\__init__.py first seen with mtime 1682520375.2355626
File C:\Python311\Lib\site-packages\cryptography\hazmat\backends\openssl\x448.py first seen with mtime 1674533040.8717165
File C:\Python311\Lib\site-packages\cryptography\hazmat\primitives\kdf\__init__.py first seen with mtime 1674533040.9185817
File C:\Python311\Lib\site-packages\idna\__init__.py first seen with mtime 1674532686.8148694
File C:\Python311\Lib\site-packages\google\api_core\iam.py first seen with mtime 1682520375.8029647
File C:\Users\todo_\OneDrive\Documentos\GitHub\decortinas\productos\migrations\0006_remove_product_additional_images_product_gallerya_and_more.py first seen with mtime 1683216049.815632
File C:\Python311\Lib\site-packages\whitenoise\media_types.py first seen with mtime 1674935812.2029462
File C:\Python311\Lib\site-packages\google\auth\transport\__init__.py first seen with mtime 1682520375.2425692
File C:\Python311\Lib\site-packages\google\cloud\storage\fileio.py first seen with mtime 1682520376.3138943
File C:\Python311\Lib\xml\parsers\expat.py first seen with mtime 1670375372.0
File C:\Python311\Lib\site-packages\google\cloud\_helpers\__init__.py first seen with mtime 1682520376.2060218
File C:\Python311\Lib\site-packages\cryptography\hazmat\backends\openssl\hmac.py first seen with mtime 1674533040.8560956
File C:\Python311\Lib\site-packages\google\api_core\exceptions.py first seen with mtime 1682520375.8020225
File C:\Python311\Lib\site-packages\requests\certs.py first seen with mtime 1674533040.6842613
File C:\Python311\Lib\site-packages\google\auth\transport\_mtls_helper.py first seen with mtime 1682520375.2425692
File C:\Python311\Lib\site-packages\google\protobuf\internal\builder.py first seen with mtime 1674532487.2024617
File C:\Python311\Lib\site-packages\google\cloud\storage\_helpers.py first seen with mtime 1682520376.3025815
File C:\Python311\Lib\site-packages\google\auth\transport\_http_client.py first seen with mtime 1682520375.2425692
File C:\Python311\Lib\site-packages\google\cloud\storage\_signing.py first seen with mtime 1682520376.3025815
File C:\Python311\Lib\site-packages\google\protobuf\descriptor_database.py first seen with mtime 1674532487.1868737
File C:\Python311\Lib\site-packages\requests\__init__.py first seen with mtime 1674533040.6842613
File C:\Python311\Lib\site-packages\google\resumable_media\__init__.py first seen with mtime 1682520375.0229683
File C:\Users\todo_\OneDrive\Documentos\GitHub\decortinas\productos\migrations\0012_alter_product_productdiscount_and_more.py first seen with mtime 1683302753.009023
File C:\Python311\Lib\site-packages\django\contrib\auth\migrations\0009_alter_user_last_name_max_length.py first seen with mtime 1674615472.2138338
File C:\Python311\Lib\site-packages\pkg_resources\_vendor\jaraco\context.py first seen with mtime 1667917729.3923461
File C:\Python311\Lib\site-packages\google\cloud\client\__init__.py first seen with mtime 1682520376.2103977
File C:\Python311\Lib\site-packages\django\contrib\messages\middleware.py first seen with mtime 1674615473.0324316
File C:\Python311\Lib\site-packages\google\resumable_media\requests\download.py first seen with mtime 1682520375.0229683
File C:\Python311\Lib\site-packages\google\auth\credentials.py first seen with mtime 1682520375.2227998
File C:\Python311\Lib\site-packages\google\api_core\__init__.py first seen with mtime 1682520375.7979684
File C:\Python311\Lib\site-packages\django\contrib\auth\migrations\__init__.py first seen with mtime 1674615472.2138338
File C:\Python311\Lib\site-packages\google\auth\crypt\base.py first seen with mtime 1682520375.2355626
File C:\Python311\Lib\site-packages\google\protobuf\internal\decoder.py first seen with mtime 1674532487.2180831
File C:\Python311\Lib\site-packages\google\auth\environment_vars.py first seen with mtime 1682520375.2227998
File C:\Users\todo_\OneDrive\Documentos\GitHub\decortinas\productos\migrations\0009_product_productbannermov.py first seen with mtime 1683234406.3815675
File C:\Python311\Lib\site-packages\pkg_resources\_vendor\pyparsing\results.py first seen with mtime 1667917729.4073062
File C:\Python311\Lib\site-packages\google\cloud\storage\blob.py first seen with mtime 1682520376.310336
File C:\Users\todo_\OneDrive\Documentos\GitHub\decortinas\productos\migrations\0011_alter_product_productogtitle.py first seen with mtime 1683301375.4216442
File C:\Python311\Lib\site-packages\django\contrib\sessions\backends\__init__.py first seen with mtime 1674615473.514369
File C:\Python311\Lib\site-packages\google\protobuf\internal\enum_type_wrapper.py first seen with mtime 1674532487.2180831
File C:\Python311\Lib\site-packages\google\protobuf\internal\__init__.py first seen with mtime 1674532487.2024617
File C:\Python311\Lib\site-packages\google\protobuf\internal\python_message.py first seen with mtime 1674532487.2180831
File C:\Python311\Lib\site-packages\win32comext\shell\__init__.py first seen with mtime 1674660051.7338479
File C:\Python311\Lib\site-packages\google\cloud\version.py first seen with mtime 1682520376.2050183
File C:\Python311\Lib\site-packages\google\resumable_media\_upload.py first seen with mtime 1682520375.0229683
File C:\Python311\Lib\site-packages\google\cloud\storage\__init__.py first seen with mtime 1682520376.3025815
File C:\Python311\Lib\site-packages\cryptography\hazmat\backends\openssl\x25519.py first seen with mtime 1674533040.8560956
File C:\Python311\Lib\site-packages\django\contrib\auth\migrations\0004_alter_user_username_opts.py first seen with mtime 1674615472.2008247
File C:\Python311\Lib\site-packages\charset_normalizer\utils.py first seen with mtime 1674532687.0435412
File C:\Python311\Lib\site-packages\google\cloud\storage\_http.py first seen with mtime 1682520376.3025815
File C:\Python311\Lib\site-packages\charset_normalizer\api.py first seen with mtime 1674532687.0386198
File C:\Python311\Lib\site-packages\cryptography\hazmat\backends\openssl\ec.py first seen with mtime 1674533040.8560956
File C:\Python311\Lib\site-packages\cryptography\x509\general_name.py first seen with mtime 1674533040.9342017
File C:\Python311\Lib\site-packages\whitenoise\middleware.py first seen with mtime 1674935812.203946
File C:\Python311\Lib\site-packages\django\contrib\auth\migrations\0005_alter_user_last_login_null.py first seen with mtime 1674615472.2008247
File C:\Python311\Lib\site-packages\cryptography\hazmat\primitives\constant_time.py first seen with mtime 1674533040.9029596
File C:\Python311\Lib\site-packages\django\db\migrations\loader.py first seen with mtime 1674615474.0145652
File C:\Python311\Lib\site-packages\google\protobuf\internal\type_checkers.py first seen with mtime 1674532487.2180831
File C:\Python311\Lib\site-packages\google\cloud\storage\bucket.py first seen with mtime 1682520376.3113806
File C:\Python311\Lib\site-packages\google\auth\transport\requests.py first seen with mtime 1682520375.2425692
File C:\Users\todo_\OneDrive\Documentos\GitHub\decortinas\productos\migrations\0007_product_productbanner.py first seen with mtime 1683231538.2823246
File C:\Python311\Lib\site-packages\requests\_internal_utils.py first seen with mtime 1674533040.6842613
File C:\Python311\Lib\site-packages\google\oauth2\__init__.py first seen with mtime 1682520375.2512357
File C:\Python311\Lib\site-packages\google\resumable_media\requests\__init__.py first seen with mtime 1682520375.0229683
File C:\Python311\Lib\site-packages\google\protobuf\timestamp_pb2.py first seen with mtime 1674532487.2024617
File C:\Python311\Lib\site-packages\django\contrib\admin\migrations\__init__.py first seen with mtime 1674615471.6622846
File C:\Python311\Lib\xml\parsers\__init__.py first seen with mtime 1670375372.0
File C:\Python311\Lib\site-packages\pkg_resources\_vendor\pyparsing\unicode.py first seen with mtime 1667917729.4083035
File C:\Python311\Lib\site-packages\django\contrib\auth\migrations\0011_update_proxy_permissions.py first seen with mtime 1674615472.2138338
File C:\Python311\Lib\site-packages\pkg_resources\_vendor\packaging\tags.py first seen with mtime 1667917729.4013224
File C:\Python311\Lib\site-packages\django\contrib\auth\migrations\0001_initial.py first seen with mtime 1674615472.2008247
File C:\Python311\Lib\site-packages\cryptography\x509\name.py first seen with mtime 1674533040.9342017
File C:\Python311\Lib\site-packages\pkg_resources\_vendor\__init__.py first seen with mtime 1667917729.3853648
File C:\Python311\Lib\site-packages\django\db\migrations\executor.py first seen with mtime 1674615474.0145652
File C:\Python311\Lib\site-packages\pkg_resources\_vendor\packaging\_manylinux.py first seen with mtime 1667917729.3983302
File C:\Python311\Lib\importlib\resources\readers.py first seen with mtime 1670375370.0
File C:\Python311\Lib\site-packages\django\contrib\auth\migrations\0006_require_contenttypes_0002.py first seen with mtime 1674615472.2008247
File C:\Python311\Lib\site-packages\django\contrib\sessions\backends\base.py first seen with mtime 1674615473.514369
File C:\Python311\Lib\site-packages\cachetools\keys.py first seen with mtime 1682520374.9728746
File C:\Python311\Lib\site-packages\pkg_resources\_vendor\packaging\utils.py first seen with mtime 1667917729.4023197
File C:\Python311\Lib\site-packages\cryptography\hazmat\backends\openssl\__init__.py first seen with mtime 1674533040.8560956
File C:\Python311\Lib\site-packages\cryptography\x509\certificate_transparency.py first seen with mtime 1674533040.9342017
File C:\Python311\Lib\site-packages\google\oauth2\_client.py first seen with mtime 1682520375.2512357
File C:\Python311\Lib\site-packages\django\contrib\admin\migrations\0002_logentry_remove_auto_add.py first seen with mtime 1674615471.6622846
File C:\Python311\Lib\site-packages\storages\backends\gcloud.py first seen with mtime 1682518981.0885594
File C:\Python311\Lib\site-packages\google\protobuf\message.py first seen with mtime 1674532487.2024617
File C:\Python311\Lib\site-packages\google\auth\jwt.py first seen with mtime 1682520375.2330124
File C:\Python311\Lib\site-packages\requests\auth.py first seen with mtime 1674533040.6842613
File C:\Python311\Lib\site-packages\google\protobuf\internal\containers.py first seen with mtime 1674532487.2024617
File C:\Python311\Lib\site-packages\google\cloud\storage\hmac_key.py first seen with mtime 1682520376.3148928
File C:\Python311\Lib\site-packages\django\contrib\auth\migrations\0010_alter_group_name_max_length.py first seen with mtime 1674615472.2138338
File C:\Python311\Lib\site-packages\pkg_resources\_vendor\jaraco\functools.py first seen with mtime 1667917729.3933434
File C:\Python311\Lib\site-packages\cryptography\hazmat\backends\openssl\rsa.py first seen with mtime 1674533040.8560956
File C:\Python311\Lib\site-packages\whitenoise\storage.py first seen with mtime 1674935812.2059474
File C:\Users\todo_\OneDrive\Documentos\GitHub\decortinas\decortinas\wsgi.py first seen with mtime 1683225076.0077703
File C:\Python311\Lib\site-packages\django\middleware\clickjacking.py first seen with mtime 1674615474.1399715
File C:\Python311\Lib\site-packages\django\db\models\sql\compiler.py first seen with mtime 1674615474.045813
File C:\Python311\Lib\site-packages\django\contrib\sessions\backends\db.py first seen with mtime 1674615473.514369
File C:\Python311\Lib\site-packages\whitenoise\compress.py first seen with mtime 1674935812.2019668
File C:\Python311\Lib\site-packages\django\contrib\sessions\serializers.py first seen with mtime 1674615473.514369
File C:\Python311\Lib\site-packages\django\contrib\messages\storage\session.py first seen with mtime 1674615473.0324316
File C:\Python311\Lib\site-packages\django\contrib\messages\storage\fallback.py first seen with mtime 1674615473.0324316
File C:\Python311\Lib\site-packages\django\contrib\messages\storage\cookie.py first seen with mtime 1674615473.0324316
File C:\Python311\Lib\site-packages\django\template\context_processors.py first seen with mtime 1674615474.1399715
File C:\Python311\Lib\site-packages\django\contrib\auth\context_processors.py first seen with mtime 1674615472.0004022
File C:\Python311\Lib\site-packages\django\contrib\messages\context_processors.py first seen with mtime 1674615473.0324316
"GET / HTTP/1.1" 200 27458
"GET /static/css/estilos.7f1a0921a387.css HTTP/1.1" 200 6113
"GET /static/img/high-cortina-c.6ba28c01256e.png HTTP/1.1" 200 100148
File C:\Python311\Lib\site-packages\boto3\s3\inject.py first seen with mtime 1683142636.2933395
"GET /tienda/ HTTP/1.1" 200 23506
File C:\Python311\Lib\site-packages\django\conf\locale\en\__init__.py first seen with mtime 1674615470.987508
File C:\Python311\Lib\site-packages\django\conf\locale\en\formats.py first seen with mtime 1674615470.987508
"GET /tienda/persiana-vertical HTTP/1.1" 301 0
"GET /tienda/persiana-vertical/ HTTP/1.1" 200 19660
"GET /nosotros/ HTTP/1.1" 200 25783
"GET /static/img/nosotros/nosotros-a.d8589fd1af4f.png HTTP/1.1" 200 175901
"GET /static/img/nosotros/nosotros-b.10758621aaba.png HTTP/1.1" 200 172852
"GET /static/img/nosotros/nosotros-c.1838d2c41397.png HTTP/1.1" 200 125043
"GET /static/img/nosotros/nosotros-e.768b07140852.png HTTP/1.1" 200 106279
"GET /static/img/nosotros/nosotros-d.e9660099d683.png HTTP/1.1" 200 127948
"GET /contacto/ HTTP/1.1" 200 24431
"GET /servicios/ HTTP/1.1" 200 24777
"GET /pauta/ HTTP/1.1" 200 15536
"GET /static/img/pauta/youtube.47e2ef372d9d.png HTTP/1.1" 200 92374
"GET /static/img/pauta/web.55450448ef79.png HTTP/1.1" 200 89343
"GET /static/img/pauta/redes-sociales.d42a1bd31a91.png HTTP/1.1" 200 97730
Exception while resolving variable 'ogtitle' in template 'cookies.html'.
Traceback (most recent call last):
  File "C:\Python311\Lib\site-packages\django\template\base.py", line 880, in _resolve_lookup
    current = current[bit]
              ~~~~~~~^^^^^
  File "C:\Python311\Lib\site-packages\django\template\context.py", line 83, in __getitem__
    raise KeyError(key)
KeyError: 'ogtitle'

During handling of the above exception, another exception occurred:

Traceback (most recent call last):
  File "C:\Python311\Lib\site-packages\django\template\base.py", line 886, in _resolve_lookup
    if isinstance(current, BaseContext) and getattr(
                                            ^^^^^^^^
AttributeError: type object 'RequestContext' has no attribute 'ogtitle'

During handling of the above exception, another exception occurred:

Traceback (most recent call last):
  File "C:\Python311\Lib\site-packages\django\template\base.py", line 896, in _resolve_lookup
    current = current[int(bit)]
                      ^^^^^^^^
ValueError: invalid literal for int() with base 10: 'ogtitle'

During handling of the above exception, another exception occurred:

Traceback (most recent call last):
  File "C:\Python311\Lib\site-packages\django\template\base.py", line 903, in _resolve_lookup
    raise VariableDoesNotExist(
django.template.base.VariableDoesNotExist: Failed lookup for key [ogtitle] in [{'True': True, 'False': False, 'None': None}, {'csrf_token': <SimpleLazyObject: <function csrf.<locals>._get_val at 0x000001AAC233DEE0>>, 'request': <WSGIRequest: GET '/cookies/'>, 'user': <SimpleLazyObject: <function AuthenticationMiddleware.process_request.<locals>.<lambda> at 0x000001AAC29CBCE0>>, 'perms': PermWrapper(<SimpleLazyObject: <function AuthenticationMiddleware.process_request.<locals>.<lambda> at 0x000001AAC29CBCE0>>), 'messages': <FallbackStorage: request=<WSGIRequest: GET '/cookies/'>>, 'DEFAULT_MESSAGE_LEVELS': {'DEBUG': 10, 'INFO': 20, 'SUCCESS': 25, 'WARNING': 30, 'ERROR': 40}}, {}]
Exception while resolving variable 'ogurl' in template 'cookies.html'.
Traceback (most recent call last):
  File "C:\Python311\Lib\site-packages\django\template\base.py", line 880, in _resolve_lookup
    current = current[bit]
              ~~~~~~~^^^^^
  File "C:\Python311\Lib\site-packages\django\template\context.py", line 83, in __getitem__
    raise KeyError(key)
KeyError: 'ogurl'

During handling of the above exception, another exception occurred:

Traceback (most recent call last):
  File "C:\Python311\Lib\site-packages\django\template\base.py", line 886, in _resolve_lookup
    if isinstance(current, BaseContext) and getattr(
                                            ^^^^^^^^
AttributeError: type object 'RequestContext' has no attribute 'ogurl'

During handling of the above exception, another exception occurred:

Traceback (most recent call last):
  File "C:\Python311\Lib\site-packages\django\template\base.py", line 896, in _resolve_lookup
    current = current[int(bit)]
                      ^^^^^^^^
ValueError: invalid literal for int() with base 10: 'ogurl'

During handling of the above exception, another exception occurred:

Traceback (most recent call last):
  File "C:\Python311\Lib\site-packages\django\template\base.py", line 903, in _resolve_lookup
    raise VariableDoesNotExist(
django.template.base.VariableDoesNotExist: Failed lookup for key [ogurl] in [{'True': True, 'False': False, 'None': None}, {'csrf_token': <SimpleLazyObject: <function csrf.<locals>._get_val at 0x000001AAC233DEE0>>, 'request': <WSGIRequest: GET '/cookies/'>, 'user': <SimpleLazyObject: <function AuthenticationMiddleware.process_request.<locals>.<lambda> at 0x000001AAC29CBCE0>>, 'perms': PermWrapper(<SimpleLazyObject: <function AuthenticationMiddleware.process_request.<locals>.<lambda> at 0x000001AAC29CBCE0>>), 'messages': <FallbackStorage: request=<WSGIRequest: GET '/cookies/'>>, 'DEFAULT_MESSAGE_LEVELS': {'DEBUG': 10, 'INFO': 20, 'SUCCESS': 25, 'WARNING': 30, 'ERROR': 40}}, {}]
Exception while resolving variable 'ogurlimg' in template 'cookies.html'.
Traceback (most recent call last):
  File "C:\Python311\Lib\site-packages\django\template\base.py", line 880, in _resolve_lookup
    current = current[bit]
              ~~~~~~~^^^^^
  File "C:\Python311\Lib\site-packages\django\template\context.py", line 83, in __getitem__
    raise KeyError(key)
KeyError: 'ogurlimg'

During handling of the above exception, another exception occurred:

Traceback (most recent call last):
  File "C:\Python311\Lib\site-packages\django\template\base.py", line 886, in _resolve_lookup
    if isinstance(current, BaseContext) and getattr(
                                            ^^^^^^^^
AttributeError: type object 'RequestContext' has no attribute 'ogurlimg'

During handling of the above exception, another exception occurred:

Traceback (most recent call last):
  File "C:\Python311\Lib\site-packages\django\template\base.py", line 896, in _resolve_lookup
    current = current[int(bit)]
                      ^^^^^^^^
ValueError: invalid literal for int() with base 10: 'ogurlimg'

During handling of the above exception, another exception occurred:

Traceback (most recent call last):
  File "C:\Python311\Lib\site-packages\django\template\base.py", line 903, in _resolve_lookup
    raise VariableDoesNotExist(
django.template.base.VariableDoesNotExist: Failed lookup for key [ogurlimg] in [{'True': True, 'False': False, 'None': None}, {'csrf_token': <SimpleLazyObject: <function csrf.<locals>._get_val at 0x000001AAC233DEE0>>, 'request': <WSGIRequest: GET '/cookies/'>, 'user': <SimpleLazyObject: <function AuthenticationMiddleware.process_request.<locals>.<lambda> at 0x000001AAC29CBCE0>>, 'perms': PermWrapper(<SimpleLazyObject: <function AuthenticationMiddleware.process_request.<locals>.<lambda> at 0x000001AAC29CBCE0>>), 'messages': <FallbackStorage: request=<WSGIRequest: GET '/cookies/'>>, 'DEFAULT_MESSAGE_LEVELS': {'DEBUG': 10, 'INFO': 20, 'SUCCESS': 25, 'WARNING': 30, 'ERROR': 40}}, {}]
Exception while resolving variable 'oguimg' in template 'cookies.html'.
Traceback (most recent call last):
  File "C:\Python311\Lib\site-packages\django\template\base.py", line 880, in _resolve_lookup
    current = current[bit]
              ~~~~~~~^^^^^
  File "C:\Python311\Lib\site-packages\django\template\context.py", line 83, in __getitem__
    raise KeyError(key)
KeyError: 'oguimg'

During handling of the above exception, another exception occurred:

Traceback (most recent call last):
  File "C:\Python311\Lib\site-packages\django\template\base.py", line 886, in _resolve_lookup
    if isinstance(current, BaseContext) and getattr(
                                            ^^^^^^^^
AttributeError: type object 'RequestContext' has no attribute 'oguimg'

During handling of the above exception, another exception occurred:

Traceback (most recent call last):
  File "C:\Python311\Lib\site-packages\django\template\base.py", line 896, in _resolve_lookup
    current = current[int(bit)]
                      ^^^^^^^^
ValueError: invalid literal for int() with base 10: 'oguimg'

During handling of the above exception, another exception occurred:

Traceback (most recent call last):
  File "C:\Python311\Lib\site-packages\django\template\base.py", line 903, in _resolve_lookup
    raise VariableDoesNotExist(
django.template.base.VariableDoesNotExist: Failed lookup for key [oguimg] in [{'True': True, 'False': False, 'None': None}, {'csrf_token': <SimpleLazyObject: <function csrf.<locals>._get_val at 0x000001AAC233DEE0>>, 'request': <WSGIRequest: GET '/cookies/'>, 'user': <SimpleLazyObject: <function AuthenticationMiddleware.process_request.<locals>.<lambda> at 0x000001AAC29CBCE0>>, 'perms': PermWrapper(<SimpleLazyObject: <function AuthenticationMiddleware.process_request.<locals>.<lambda> at 0x000001AAC29CBCE0>>), 'messages': <FallbackStorage: request=<WSGIRequest: GET '/cookies/'>>, 'DEFAULT_MESSAGE_LEVELS': {'DEBUG': 10, 'INFO': 20, 'SUCCESS': 25, 'WARNING': 30, 'ERROR': 40}}, {}]
Exception while resolving variable 'ogdesc' in template 'cookies.html'.
Traceback (most recent call last):
  File "C:\Python311\Lib\site-packages\django\template\base.py", line 880, in _resolve_lookup
    current = current[bit]
              ~~~~~~~^^^^^
  File "C:\Python311\Lib\site-packages\django\template\context.py", line 83, in __getitem__
    raise KeyError(key)
KeyError: 'ogdesc'

During handling of the above exception, another exception occurred:

Traceback (most recent call last):
  File "C:\Python311\Lib\site-packages\django\template\base.py", line 886, in _resolve_lookup
    if isinstance(current, BaseContext) and getattr(
                                            ^^^^^^^^
AttributeError: type object 'RequestContext' has no attribute 'ogdesc'

During handling of the above exception, another exception occurred:

Traceback (most recent call last):
  File "C:\Python311\Lib\site-packages\django\template\base.py", line 896, in _resolve_lookup
    current = current[int(bit)]
                      ^^^^^^^^
ValueError: invalid literal for int() with base 10: 'ogdesc'

During handling of the above exception, another exception occurred:

Traceback (most recent call last):
  File "C:\Python311\Lib\site-packages\django\template\base.py", line 903, in _resolve_lookup
    raise VariableDoesNotExist(
django.template.base.VariableDoesNotExist: Failed lookup for key [ogdesc] in [{'True': True, 'False': False, 'None': None}, {'csrf_token': <SimpleLazyObject: <function csrf.<locals>._get_val at 0x000001AAC233DEE0>>, 'request': <WSGIRequest: GET '/cookies/'>, 'user': <SimpleLazyObject: <function AuthenticationMiddleware.process_request.<locals>.<lambda> at 0x000001AAC29CBCE0>>, 'perms': PermWrapper(<SimpleLazyObject: <function AuthenticationMiddleware.process_request.<locals>.<lambda> at 0x000001AAC29CBCE0>>), 'messages': <FallbackStorage: request=<WSGIRequest: GET '/cookies/'>>, 'DEFAULT_MESSAGE_LEVELS': {'DEBUG': 10, 'INFO': 20, 'SUCCESS': 25, 'WARNING': 30, 'ERROR': 40}}, {}]
Exception while resolving variable 'mdescription' in template 'cookies.html'.
Traceback (most recent call last):
  File "C:\Python311\Lib\site-packages\django\template\base.py", line 880, in _resolve_lookup
    current = current[bit]
              ~~~~~~~^^^^^
  File "C:\Python311\Lib\site-packages\django\template\context.py", line 83, in __getitem__
    raise KeyError(key)
KeyError: 'mdescription'

During handling of the above exception, another exception occurred:

Traceback (most recent call last):
  File "C:\Python311\Lib\site-packages\django\template\base.py", line 886, in _resolve_lookup
    if isinstance(current, BaseContext) and getattr(
                                            ^^^^^^^^
AttributeError: type object 'RequestContext' has no attribute 'mdescription'

During handling of the above exception, another exception occurred:

Traceback (most recent call last):
  File "C:\Python311\Lib\site-packages\django\template\base.py", line 896, in _resolve_lookup
    current = current[int(bit)]
                      ^^^^^^^^
ValueError: invalid literal for int() with base 10: 'mdescription'

During handling of the above exception, another exception occurred:

Traceback (most recent call last):
  File "C:\Python311\Lib\site-packages\django\template\base.py", line 903, in _resolve_lookup
    raise VariableDoesNotExist(
django.template.base.VariableDoesNotExist: Failed lookup for key [mdescription] in [{'True': True, 'False': False, 'None': None}, {'csrf_token': <SimpleLazyObject: <function csrf.<locals>._get_val at 0x000001AAC233DEE0>>, 'request': <WSGIRequest: GET '/cookies/'>, 'user': <SimpleLazyObject: <function AuthenticationMiddleware.process_request.<locals>.<lambda> at 0x000001AAC29CBCE0>>, 'perms': PermWrapper(<SimpleLazyObject: <function AuthenticationMiddleware.process_request.<locals>.<lambda> at 0x000001AAC29CBCE0>>), 'messages': <FallbackStorage: request=<WSGIRequest: GET '/cookies/'>>, 'DEFAULT_MESSAGE_LEVELS': {'DEBUG': 10, 'INFO': 20, 'SUCCESS': 25, 'WARNING': 30, 'ERROR': 40}}, {}]
Exception while resolving variable 'keywords' in template 'cookies.html'.
Traceback (most recent call last):
  File "C:\Python311\Lib\site-packages\django\template\base.py", line 880, in _resolve_lookup
    current = current[bit]
              ~~~~~~~^^^^^
  File "C:\Python311\Lib\site-packages\django\template\context.py", line 83, in __getitem__
    raise KeyError(key)
KeyError: 'keywords'

During handling of the above exception, another exception occurred:

Traceback (most recent call last):
  File "C:\Python311\Lib\site-packages\django\template\base.py", line 886, in _resolve_lookup
    if isinstance(current, BaseContext) and getattr(
                                            ^^^^^^^^
AttributeError: type object 'RequestContext' has no attribute 'keywords'

During handling of the above exception, another exception occurred:

Traceback (most recent call last):
  File "C:\Python311\Lib\site-packages\django\template\base.py", line 896, in _resolve_lookup
    current = current[int(bit)]
                      ^^^^^^^^
ValueError: invalid literal for int() with base 10: 'keywords'

During handling of the above exception, another exception occurred:

Traceback (most recent call last):
  File "C:\Python311\Lib\site-packages\django\template\base.py", line 903, in _resolve_lookup
    raise VariableDoesNotExist(
django.template.base.VariableDoesNotExist: Failed lookup for key [keywords] in [{'True': True, 'False': False, 'None': None}, {'csrf_token': <SimpleLazyObject: <function csrf.<locals>._get_val at 0x000001AAC233DEE0>>, 'request': <WSGIRequest: GET '/cookies/'>, 'user': <SimpleLazyObject: <function AuthenticationMiddleware.process_request.<locals>.<lambda> at 0x000001AAC29CBCE0>>, 'perms': PermWrapper(<SimpleLazyObject: <function AuthenticationMiddleware.process_request.<locals>.<lambda> at 0x000001AAC29CBCE0>>), 'messages': <FallbackStorage: request=<WSGIRequest: GET '/cookies/'>>, 'DEFAULT_MESSAGE_LEVELS': {'DEBUG': 10, 'INFO': 20, 'SUCCESS': 25, 'WARNING': 30, 'ERROR': 40}}, {}]
"GET /cookies/ HTTP/1.1" 200 19347
"GET /static/img/banner-contacto-mov.8ddd2bbabcaa.jpg HTTP/1.1" 200 203899
"GET /static/img/banner-contacto.d5ba3003c4c0.jpg HTTP/1.1" 200 225060
Exception while resolving variable 'ogtitle' in template 'privacy.html'.
Traceback (most recent call last):
  File "C:\Python311\Lib\site-packages\django\template\base.py", line 880, in _resolve_lookup
    current = current[bit]
              ~~~~~~~^^^^^
  File "C:\Python311\Lib\site-packages\django\template\context.py", line 83, in __getitem__
    raise KeyError(key)
KeyError: 'ogtitle'

During handling of the above exception, another exception occurred:

Traceback (most recent call last):
  File "C:\Python311\Lib\site-packages\django\template\base.py", line 886, in _resolve_lookup
    if isinstance(current, BaseContext) and getattr(
                                            ^^^^^^^^
AttributeError: type object 'RequestContext' has no attribute 'ogtitle'

During handling of the above exception, another exception occurred:

Traceback (most recent call last):
  File "C:\Python311\Lib\site-packages\django\template\base.py", line 896, in _resolve_lookup
    current = current[int(bit)]
                      ^^^^^^^^
ValueError: invalid literal for int() with base 10: 'ogtitle'

During handling of the above exception, another exception occurred:

Traceback (most recent call last):
  File "C:\Python311\Lib\site-packages\django\template\base.py", line 903, in _resolve_lookup
    raise VariableDoesNotExist(
django.template.base.VariableDoesNotExist: Failed lookup for key [ogtitle] in [{'True': True, 'False': False, 'None': None}, {'csrf_token': <SimpleLazyObject: <function csrf.<locals>._get_val at 0x000001AAC3254860>>, 'request': <WSGIRequest: GET '/privacy/'>, 'user': <SimpleLazyObject: <function AuthenticationMiddleware.process_request.<locals>.<lambda> at 0x000001AAC3254360>>, 'perms': PermWrapper(<SimpleLazyObject: <function AuthenticationMiddleware.process_request.<locals>.<lambda> at 0x000001AAC3254360>>), 'messages': <FallbackStorage: request=<WSGIRequest: GET '/privacy/'>>, 'DEFAULT_MESSAGE_LEVELS': {'DEBUG': 10, 'INFO': 20, 'SUCCESS': 25, 'WARNING': 30, 'ERROR': 40}}, {}]
Exception while resolving variable 'ogurl' in template 'privacy.html'.
Traceback (most recent call last):
  File "C:\Python311\Lib\site-packages\django\template\base.py", line 880, in _resolve_lookup
    current = current[bit]
              ~~~~~~~^^^^^
  File "C:\Python311\Lib\site-packages\django\template\context.py", line 83, in __getitem__
    raise KeyError(key)
KeyError: 'ogurl'

During handling of the above exception, another exception occurred:

Traceback (most recent call last):
  File "C:\Python311\Lib\site-packages\django\template\base.py", line 886, in _resolve_lookup
    if isinstance(current, BaseContext) and getattr(
                                            ^^^^^^^^
AttributeError: type object 'RequestContext' has no attribute 'ogurl'

During handling of the above exception, another exception occurred:

Traceback (most recent call last):
  File "C:\Python311\Lib\site-packages\django\template\base.py", line 896, in _resolve_lookup
    current = current[int(bit)]
                      ^^^^^^^^
ValueError: invalid literal for int() with base 10: 'ogurl'

During handling of the above exception, another exception occurred:

Traceback (most recent call last):
  File "C:\Python311\Lib\site-packages\django\template\base.py", line 903, in _resolve_lookup
    raise VariableDoesNotExist(
django.template.base.VariableDoesNotExist: Failed lookup for key [ogurl] in [{'True': True, 'False': False, 'None': None}, {'csrf_token': <SimpleLazyObject: <function csrf.<locals>._get_val at 0x000001AAC3254860>>, 'request': <WSGIRequest: GET '/privacy/'>, 'user': <SimpleLazyObject: <function AuthenticationMiddleware.process_request.<locals>.<lambda> at 0x000001AAC3254360>>, 'perms': PermWrapper(<SimpleLazyObject: <function AuthenticationMiddleware.process_request.<locals>.<lambda> at 0x000001AAC3254360>>), 'messages': <FallbackStorage: request=<WSGIRequest: GET '/privacy/'>>, 'DEFAULT_MESSAGE_LEVELS': {'DEBUG': 10, 'INFO': 20, 'SUCCESS': 25, 'WARNING': 30, 'ERROR': 40}}, {}]
Exception while resolving variable 'ogurlimg' in template 'privacy.html'.
Traceback (most recent call last):
  File "C:\Python311\Lib\site-packages\django\template\base.py", line 880, in _resolve_lookup
    current = current[bit]
              ~~~~~~~^^^^^
  File "C:\Python311\Lib\site-packages\django\template\context.py", line 83, in __getitem__
    raise KeyError(key)
KeyError: 'ogurlimg'

During handling of the above exception, another exception occurred:

Traceback (most recent call last):
  File "C:\Python311\Lib\site-packages\django\template\base.py", line 886, in _resolve_lookup
    if isinstance(current, BaseContext) and getattr(
                                            ^^^^^^^^
AttributeError: type object 'RequestContext' has no attribute 'ogurlimg'

During handling of the above exception, another exception occurred:

Traceback (most recent call last):
  File "C:\Python311\Lib\site-packages\django\template\base.py", line 896, in _resolve_lookup
    current = current[int(bit)]
                      ^^^^^^^^
ValueError: invalid literal for int() with base 10: 'ogurlimg'

During handling of the above exception, another exception occurred:

Traceback (most recent call last):
  File "C:\Python311\Lib\site-packages\django\template\base.py", line 903, in _resolve_lookup
    raise VariableDoesNotExist(
django.template.base.VariableDoesNotExist: Failed lookup for key [ogurlimg] in [{'True': True, 'False': False, 'None': None}, {'csrf_token': <SimpleLazyObject: <function csrf.<locals>._get_val at 0x000001AAC3254860>>, 'request': <WSGIRequest: GET '/privacy/'>, 'user': <SimpleLazyObject: <function AuthenticationMiddleware.process_request.<locals>.<lambda> at 0x000001AAC3254360>>, 'perms': PermWrapper(<SimpleLazyObject: <function AuthenticationMiddleware.process_request.<locals>.<lambda> at 0x000001AAC3254360>>), 'messages': <FallbackStorage: request=<WSGIRequest: GET '/privacy/'>>, 'DEFAULT_MESSAGE_LEVELS': {'DEBUG': 10, 'INFO': 20, 'SUCCESS': 25, 'WARNING': 30, 'ERROR': 40}}, {}]
Exception while resolving variable 'oguimg' in template 'privacy.html'.
Traceback (most recent call last):
  File "C:\Python311\Lib\site-packages\django\template\base.py", line 880, in _resolve_lookup
    current = current[bit]
              ~~~~~~~^^^^^
  File "C:\Python311\Lib\site-packages\django\template\context.py", line 83, in __getitem__
    raise KeyError(key)
KeyError: 'oguimg'

During handling of the above exception, another exception occurred:

Traceback (most recent call last):
  File "C:\Python311\Lib\site-packages\django\template\base.py", line 886, in _resolve_lookup
    if isinstance(current, BaseContext) and getattr(
                                            ^^^^^^^^
AttributeError: type object 'RequestContext' has no attribute 'oguimg'

During handling of the above exception, another exception occurred:

Traceback (most recent call last):
  File "C:\Python311\Lib\site-packages\django\template\base.py", line 896, in _resolve_lookup
    current = current[int(bit)]
                      ^^^^^^^^
ValueError: invalid literal for int() with base 10: 'oguimg'

During handling of the above exception, another exception occurred:

Traceback (most recent call last):
  File "C:\Python311\Lib\site-packages\django\template\base.py", line 903, in _resolve_lookup
    raise VariableDoesNotExist(
django.template.base.VariableDoesNotExist: Failed lookup for key [oguimg] in [{'True': True, 'False': False, 'None': None}, {'csrf_token': <SimpleLazyObject: <function csrf.<locals>._get_val at 0x000001AAC3254860>>, 'request': <WSGIRequest: GET '/privacy/'>, 'user': <SimpleLazyObject: <function AuthenticationMiddleware.process_request.<locals>.<lambda> at 0x000001AAC3254360>>, 'perms': PermWrapper(<SimpleLazyObject: <function AuthenticationMiddleware.process_request.<locals>.<lambda> at 0x000001AAC3254360>>), 'messages': <FallbackStorage: request=<WSGIRequest: GET '/privacy/'>>, 'DEFAULT_MESSAGE_LEVELS': {'DEBUG': 10, 'INFO': 20, 'SUCCESS': 25, 'WARNING': 30, 'ERROR': 40}}, {}]
Exception while resolving variable 'ogdesc' in template 'privacy.html'.
Traceback (most recent call last):
  File "C:\Python311\Lib\site-packages\django\template\base.py", line 880, in _resolve_lookup
    current = current[bit]
              ~~~~~~~^^^^^
  File "C:\Python311\Lib\site-packages\django\template\context.py", line 83, in __getitem__
    raise KeyError(key)
KeyError: 'ogdesc'

During handling of the above exception, another exception occurred:

Traceback (most recent call last):
  File "C:\Python311\Lib\site-packages\django\template\base.py", line 886, in _resolve_lookup
    if isinstance(current, BaseContext) and getattr(
                                            ^^^^^^^^
AttributeError: type object 'RequestContext' has no attribute 'ogdesc'

During handling of the above exception, another exception occurred:

Traceback (most recent call last):
  File "C:\Python311\Lib\site-packages\django\template\base.py", line 896, in _resolve_lookup
    current = current[int(bit)]
                      ^^^^^^^^
ValueError: invalid literal for int() with base 10: 'ogdesc'

During handling of the above exception, another exception occurred:

Traceback (most recent call last):
  File "C:\Python311\Lib\site-packages\django\template\base.py", line 903, in _resolve_lookup
    raise VariableDoesNotExist(
django.template.base.VariableDoesNotExist: Failed lookup for key [ogdesc] in [{'True': True, 'False': False, 'None': None}, {'csrf_token': <SimpleLazyObject: <function csrf.<locals>._get_val at 0x000001AAC3254860>>, 'request': <WSGIRequest: GET '/privacy/'>, 'user': <SimpleLazyObject: <function AuthenticationMiddleware.process_request.<locals>.<lambda> at 0x000001AAC3254360>>, 'perms': PermWrapper(<SimpleLazyObject: <function AuthenticationMiddleware.process_request.<locals>.<lambda> at 0x000001AAC3254360>>), 'messages': <FallbackStorage: request=<WSGIRequest: GET '/privacy/'>>, 'DEFAULT_MESSAGE_LEVELS': {'DEBUG': 10, 'INFO': 20, 'SUCCESS': 25, 'WARNING': 30, 'ERROR': 40}}, {}]
Exception while resolving variable 'mdescription' in template 'privacy.html'.
Traceback (most recent call last):
  File "C:\Python311\Lib\site-packages\django\template\base.py", line 880, in _resolve_lookup
    current = current[bit]
              ~~~~~~~^^^^^
  File "C:\Python311\Lib\site-packages\django\template\context.py", line 83, in __getitem__
    raise KeyError(key)
KeyError: 'mdescription'

During handling of the above exception, another exception occurred:

Traceback (most recent call last):
  File "C:\Python311\Lib\site-packages\django\template\base.py", line 886, in _resolve_lookup
    if isinstance(current, BaseContext) and getattr(
                                            ^^^^^^^^
AttributeError: type object 'RequestContext' has no attribute 'mdescription'

During handling of the above exception, another exception occurred:

Traceback (most recent call last):
  File "C:\Python311\Lib\site-packages\django\template\base.py", line 896, in _resolve_lookup
    current = current[int(bit)]
                      ^^^^^^^^
ValueError: invalid literal for int() with base 10: 'mdescription'

During handling of the above exception, another exception occurred:

Traceback (most recent call last):
  File "C:\Python311\Lib\site-packages\django\template\base.py", line 903, in _resolve_lookup
    raise VariableDoesNotExist(
django.template.base.VariableDoesNotExist: Failed lookup for key [mdescription] in [{'True': True, 'False': False, 'None': None}, {'csrf_token': <SimpleLazyObject: <function csrf.<locals>._get_val at 0x000001AAC3254860>>, 'request': <WSGIRequest: GET '/privacy/'>, 'user': <SimpleLazyObject: <function AuthenticationMiddleware.process_request.<locals>.<lambda> at 0x000001AAC3254360>>, 'perms': PermWrapper(<SimpleLazyObject: <function AuthenticationMiddleware.process_request.<locals>.<lambda> at 0x000001AAC3254360>>), 'messages': <FallbackStorage: request=<WSGIRequest: GET '/privacy/'>>, 'DEFAULT_MESSAGE_LEVELS': {'DEBUG': 10, 'INFO': 20, 'SUCCESS': 25, 'WARNING': 30, 'ERROR': 40}}, {}]
Exception while resolving variable 'keywords' in template 'privacy.html'.
Traceback (most recent call last):
  File "C:\Python311\Lib\site-packages\django\template\base.py", line 880, in _resolve_lookup
    current = current[bit]
              ~~~~~~~^^^^^
  File "C:\Python311\Lib\site-packages\django\template\context.py", line 83, in __getitem__
    raise KeyError(key)
KeyError: 'keywords'

During handling of the above exception, another exception occurred:

Traceback (most recent call last):
  File "C:\Python311\Lib\site-packages\django\template\base.py", line 886, in _resolve_lookup
    if isinstance(current, BaseContext) and getattr(
                                            ^^^^^^^^
AttributeError: type object 'RequestContext' has no attribute 'keywords'

During handling of the above exception, another exception occurred:

Traceback (most recent call last):
  File "C:\Python311\Lib\site-packages\django\template\base.py", line 896, in _resolve_lookup
    current = current[int(bit)]
                      ^^^^^^^^
ValueError: invalid literal for int() with base 10: 'keywords'

During handling of the above exception, another exception occurred:

Traceback (most recent call last):
  File "C:\Python311\Lib\site-packages\django\template\base.py", line 903, in _resolve_lookup
    raise VariableDoesNotExist(
django.template.base.VariableDoesNotExist: Failed lookup for key [keywords] in [{'True': True, 'False': False, 'None': None}, {'csrf_token': <SimpleLazyObject: <function csrf.<locals>._get_val at 0x000001AAC3254860>>, 'request': <WSGIRequest: GET '/privacy/'>, 'user': <SimpleLazyObject: <function AuthenticationMiddleware.process_request.<locals>.<lambda> at 0x000001AAC3254360>>, 'perms': PermWrapper(<SimpleLazyObject: <function AuthenticationMiddleware.process_request.<locals>.<lambda> at 0x000001AAC3254360>>), 'messages': <FallbackStorage: request=<WSGIRequest: GET '/privacy/'>>, 'DEFAULT_MESSAGE_LEVELS': {'DEBUG': 10, 'INFO': 20, 'SUCCESS': 25, 'WARNING': 30, 'ERROR': 40}}, {}]
"GET /privacy/ HTTP/1.1" 200 13961
"GET / HTTP/1.1" 200 27456
File C:\Users\todo_\OneDrive\Documentos\GitHub\decortinas\productos\templates\base\index.html previous mtime: 1683835492.2774217, current mtime: 1683840714.8929427
C:\Users\todo_\OneDrive\Documentos\GitHub\decortinas\productos\templates\base\index.html notified as changed. Signal results: [(<function template_changed at 0x000001AABE1091C0>, True), (<function translation_file_changed at 0x000001AABF5C2CA0>, None)].
File C:\Users\todo_\OneDrive\Documentos\GitHub\decortinas\productos\templates\base\index.html previous mtime: 1683840714.8929427, current mtime: 1683840930.043066
C:\Users\todo_\OneDrive\Documentos\GitHub\decortinas\productos\templates\base\index.html notified as changed. Signal results: [(<function template_changed at 0x000001AABE1091C0>, True), (<function translation_file_changed at 0x000001AABF5C2CA0>, None)].
File C:\Users\todo_\OneDrive\Documentos\GitHub\decortinas\productos\templates\base\index.html previous mtime: 1683840930.043066, current mtime: 1683840947.4420469
C:\Users\todo_\OneDrive\Documentos\GitHub\decortinas\productos\templates\base\index.html notified as changed. Signal results: [(<function template_changed at 0x000001AABE1091C0>, True), (<function translation_file_changed at 0x000001AABF5C2CA0>, None)].
"GET / HTTP/1.1" 200 27783
File C:\Users\todo_\OneDrive\Documentos\GitHub\decortinas\productos\templates\base\index.html previous mtime: 1683840947.4420469, current mtime: 1683841294.5999725
C:\Users\todo_\OneDrive\Documentos\GitHub\decortinas\productos\templates\base\index.html notified as changed. Signal results: [(<function template_changed at 0x000001AABE1091C0>, True), (<function translation_file_changed at 0x000001AABF5C2CA0>, None)].
Exception while resolving variable 'disabled' in template 'admin/widgets/clearable_file_input.html'.
Traceback (most recent call last):
  File "C:\Python311\Lib\site-packages\django\template\base.py", line 880, in _resolve_lookup
    current = current[bit]
              ~~~~~~~^^^^^
KeyError: 'disabled'

During handling of the above exception, another exception occurred:

Traceback (most recent call last):
  File "C:\Python311\Lib\site-packages\django\template\base.py", line 890, in _resolve_lookup
    current = getattr(current, bit)
              ^^^^^^^^^^^^^^^^^^^^^
AttributeError: 'dict' object has no attribute 'disabled'

During handling of the above exception, another exception occurred:

Traceback (most recent call last):
  File "C:\Python311\Lib\site-packages\django\template\base.py", line 896, in _resolve_lookup
    current = current[int(bit)]
                      ^^^^^^^^
ValueError: invalid literal for int() with base 10: 'disabled'

During handling of the above exception, another exception occurred:

Traceback (most recent call last):
  File "C:\Python311\Lib\site-packages\django\template\base.py", line 903, in _resolve_lookup
    raise VariableDoesNotExist(
django.template.base.VariableDoesNotExist: Failed lookup for key [disabled] in {'accept': 'image/*', 'id': 'id_gallerya'}
Exception while resolving variable 'disabled' in template 'admin/widgets/clearable_file_input.html'.
Traceback (most recent call last):
  File "C:\Python311\Lib\site-packages\django\template\base.py", line 880, in _resolve_lookup
    current = current[bit]
              ~~~~~~~^^^^^
KeyError: 'disabled'

During handling of the above exception, another exception occurred:

Traceback (most recent call last):
  File "C:\Python311\Lib\site-packages\django\template\base.py", line 890, in _resolve_lookup
    current = getattr(current, bit)
              ^^^^^^^^^^^^^^^^^^^^^
AttributeError: 'dict' object has no attribute 'disabled'

During handling of the above exception, another exception occurred:

Traceback (most recent call last):
  File "C:\Python311\Lib\site-packages\django\template\base.py", line 896, in _resolve_lookup
    current = current[int(bit)]
                      ^^^^^^^^
ValueError: invalid literal for int() with base 10: 'disabled'

During handling of the above exception, another exception occurred:

Traceback (most recent call last):
  File "C:\Python311\Lib\site-packages\django\template\base.py", line 903, in _resolve_lookup
    raise VariableDoesNotExist(
django.template.base.VariableDoesNotExist: Failed lookup for key [disabled] in {'accept': 'image/*', 'id': 'id_galleryb'}
Exception while resolving variable 'disabled' in template 'admin/widgets/clearable_file_input.html'.
Traceback (most recent call last):
  File "C:\Python311\Lib\site-packages\django\template\base.py", line 880, in _resolve_lookup
    current = current[bit]
              ~~~~~~~^^^^^
KeyError: 'disabled'

During handling of the above exception, another exception occurred:

Traceback (most recent call last):
  File "C:\Python311\Lib\site-packages\django\template\base.py", line 890, in _resolve_lookup
    current = getattr(current, bit)
              ^^^^^^^^^^^^^^^^^^^^^
AttributeError: 'dict' object has no attribute 'disabled'

During handling of the above exception, another exception occurred:

Traceback (most recent call last):
  File "C:\Python311\Lib\site-packages\django\template\base.py", line 896, in _resolve_lookup
    current = current[int(bit)]
                      ^^^^^^^^
ValueError: invalid literal for int() with base 10: 'disabled'

During handling of the above exception, another exception occurred:

Traceback (most recent call last):
  File "C:\Python311\Lib\site-packages\django\template\base.py", line 903, in _resolve_lookup
    raise VariableDoesNotExist(
django.template.base.VariableDoesNotExist: Failed lookup for key [disabled] in {'accept': 'image/*', 'id': 'id_galleryc'}
"GET /admin/productos/product/8/change/ HTTP/1.1" 200 24937
"GET /static/admin/css/dark_mode.4e3d1504ca81.css HTTP/1.1" 200 336
"GET /static/admin/css/base.01580fff1759.css HTTP/1.1" 200 4701
"GET /static/admin/css/forms.c192d1ec6902.css HTTP/1.1" 200 2211
"GET /static/admin/css/nav_sidebar.30423191f399.css HTTP/1.1" 200 763
"GET /static/admin/css/responsive.02281633b5f1.css HTTP/1.1" 200 3463
"GET /static/admin/js/vendor/jquery/jquery.min.8fb8fee4fcc3.js HTTP/1.1" 200 30875
"GET /static/ckeditor/ckeditor-init.3be71376e5bf.js HTTP/1.1" 200 662
"GET /static/admin/js/jquery.init.b7781a0897fc.js HTTP/1.1" 200 236
"GET /static/ckeditor/ckeditor/ckeditor.5be63e18d1fd.js HTTP/1.1" 200 223495
"GET /static/admin/js/core.5d6b384a08b5.js HTTP/1.1" 200 1505
"GET /static/admin/js/admin/RelatedObjectLookups.de5309ac06dd.js HTTP/1.1" 200 2307
"GET /static/admin/js/actions.eac7e3441574.js HTTP/1.1" 200 1874
"GET /static/admin/js/urlify.25cc3eac8123.js HTTP/1.1" 200 2581
"GET /static/admin/js/prepopulate.bd2361dfd64d.js HTTP/1.1" 200 536
"GET /static/admin/js/vendor/xregexp/xregexp.min.b0439563a5d3.js HTTP/1.1" 200 37609
"GET /static/admin/css/fonts.168bab448fee.css HTTP/1.1" 200 189
"GET /static/admin/css/widgets.00318bc424d3.css HTTP/1.1" 200 2443
"GET /static/admin/js/prepopulate_init.6cac7f3105b8.js HTTP/1.1" 200 277
"GET /static/admin/js/nav_sidebar.36a64ecb39ed.js HTTP/1.1" 200 947
"GET /static/admin/img/icon-changelink.18d2fd706348.svg HTTP/1.1" 200 269
"GET /static/admin/img/icon-addlink.d519b3bab011.svg HTTP/1.1" 200 206
"GET /static/admin/img/icon-deletelink.564ef9dc3854.svg HTTP/1.1" 200 221
"GET /static/admin/img/icon-viewlink.41eb31f7826e.svg HTTP/1.1" 200 346
"GET /static/admin/js/change_form.9d8ca4f96b75.js HTTP/1.1" 200 322
File C:\Python311\Lib\site-packages\tzdata\__init__.py first seen with mtime 1674615469.954711
File C:\Python311\Lib\site-packages\tzdata\zoneinfo\__init__.py first seen with mtime 1674615469.9812696
- Broken pipe from ('127.0.0.1', 60601)
